X.XX.XX.XX.XX.XX
X...............
..XX.XX.XX.XX.XX
X...............
X.XX.XX.XX.XX.XX
................
X.XX.XX.XX.XX.XX
X...............
..XX.XX.XX.XX.XX
X...............
X.XX.XX.XX.XX.XX
................
X.XX.XX.XX.XX.XX
X...............
..XX.XX.XX.XX.XX
X...............
X.XX.XX.XX.XX.XX
XXXXX.X.X
......X.X
XXXXX.X.X
......X.X
X.X...X.X
X.X......
X.X.XXXXX
X.X......
X.X.XXXXX
.........
X.X.X.X.X.X.X.X.
X.X.X.X.X.X.X.X.
X.X.X.X.X.X.X.X.
X.X.X.X.X.X.X.X.
X.X.X.X.X.X.X.X.
X.X.X.X.X.X.X.X.
X.X.X.X.X.X.X.X.
................
X.X.X.X.X.X.X.X.
X.X.X.X.X.X.X.X.
X.X.X.X.X.X.X.X.
X.X.X.X.X.X.X.X.
X.X.X.X.X.X.X.X.
X.X.X.X.X.X.X.X.
X.X.X.X.X.X.X.X.
................
XXXX...
.......
X.X.X.X
X.X.X.X
X.X.X.X
X.X.X.X
X.X.X.X.
........
X.X.X.X.
........
X.X.X.X.
........
X.X.X.X.
........
X.X.X.X
X.X.X.X
X.X.X.X
X.X.X.X
X.X.X.X
.......
X.X.X.X
X.X.X.X
X.X.X.X
X.X.X.X
X.X.X.X
X.X.X.X.X
.........
X.X.X.X.X
.........
X.X.X.X.X
.........
X.X.X.X.X
.........
X.X.X.X.X
.........
X.X.X.X.X
.........
X.X.X.X.X
.........
X.X.X.X.X
.........
X.X.X.X.X
.........
X.X.X.X.X.
..........
X.X.X.X.X.
..........
X.X.X.X.X.
..........
X.X.X.X.X.
..........
X.X.X.X.X.
..........
X.X.X.X.X.
..........
X.X.X.X.X.
..........
XXX.
....
XXX.
....
XXX.
XX.X.X.X.X.X
...X.X.X.X.X
XX..........
...X.X.X.X.X
XX.X.X.X.X.X
............
XX.X.X.X.X.X
...X.X.X.X.X
XX..........
...X.X.X.X.X
XX.X.X.X.X.X
