XXXXX.XXXXX.XXXXX..X.X
...................X.X
XXXXX.XXXXX.XXXXX..X.X
...................X.X
XXXXX.XXXXX.XXXXX..X.X
......................
XXXXX.XXXXX.XXXXX.....
XXX.XXX.XXX.XXX.XXX.XXX.XXX.XXX.X
................................X
XXX.XXX.XXX.XXX.XXX.XXX.XXX.XXX.X
.................................
XXX.XXX.XXX.XXX.XXX.XXX.XXX.XXX..
X.X.X.X.X.X..X.X.X.X.X.X.X.X.X.X.X
X.X.X.X.X.X..X.X.X.X.X.X.X.X.X.X.X
X.X.X.X.X.X..X.X.X.X.X.X.X.X.X.X.X
..................................
X.X.X.X.X.X..X.X.X.X.X.X.X.X.X.X.X
X.X.X.X.X.X..X.X.X.X.X.X.X.X.X.X.X
X.X.X.X.X.X..X.X.X.X.X.X.X.X.X.X.X
..................................
.............X.X.X.X.X.X.X.X.X.X.X
X.X.X.X..X.X.X.X.X.X.X.X.X.X.X.X.X
X.X.X.X..X.X.X.X.X.X.X.X.X.X.X.X.X
X.X.X.X..X.X......................
..................................
X.X.X.X..X.X.X.X.X.X.X.X.X.X.X.X.X
X.X.X.X..X.X.X.X.X.X.X.X.X.X.X.X.X
X.X.X.X..X.X.X.X.X.X.X.X.X.X.X.X.X
..................................
X.X.X.X..X.X.X.X.X.X.X.X.X.X.X.X.X
X.X.X.X..X.X.X.X.X.X.X.X.X.X.X.X.X
X.X.X.X..X.X.X.X.X.X.X.X.X.X.X.X.X
..................................
X.X.X.X..X.X.X.X.X.X.X.X.X.X.X.X.X
X.X.X.X..X.X.X.X.X.X.X.X.X.X.X.X.X
X.X.X.X..X.X.X.X.X.X.X.X.X.X.X.X.X
..................................
X.X.X.X..X.X.X.X.X.X.X.X.X.X.X.X.X
X.X.X.X..X.X.X.X.X.X.X.X.X.X.X.X.X
X.X.X.X..X.X.X.X.X.X.X.X.X.X.X.X.X
..................................
X.X.X.X..X.X.X.X.X.X.X.X.X.X.X.X.X
X.X.X.X..X.X.X.X.X.X.X.X.X.X.X.X.X
X.X.X.X..X.X.X.X.X.X.X.X.X.X.X.X.X
..................................
XXX.XXX.XXX.XXX.XXX.XXX.XXX.XXX...
X.X.X.X.
X.X.X.X.
X.X.X.X.
X.X.X.X.
X.X.X.X.
X.X.X.X.
X.X.X.X.
........
X.X.X.X.
X.X.X.X.
X.X.X.X.
X.X.X.X.
X.X.X.X.
X.X.X.X.
X.X.X.X.
........
........
XXXXXXX.
........
XXXXXXX.
........
XXXXXXX.
........
XXXXXXX.
........
XXXXXXX.
........
XXXXXXX.
X.X.X..X.X.X.X.X.X.X.X.X.X.X
............................
X.X.X..X.X.X.X.X.X.X.X.X.X.X
............................
X.X..X.X.X.X.X.X.X.X.X.X.X.X
............................
X.X..X.X.X.X.X.X.X.X.X.X.X.X
............................
X.X..X.X.X.X.X.X.X.X.X.X.X.X
............................
X.X.X.X.X.X.X.X.X.X.X.X.X.X.
X.X.X..X.X.X.X.X.X.X.X.X.X.X.X
..............................
X.X.X..X.X.X.X.X.X.X.X.X.X.X.X
..............................
X.X..X.X.X.X.X.X.X.X.X.X.X.X.X
..............................
X.X..X.X.X.X.X.X.X.X.X.X.X.X.X
..............................
X.X..X.X.X.X.X.X.X.X.X.X.X.X.X
..............................
X.X..X.X.X.X.X.X.X.X.X.X.X.X.X
..............................
X.X..X.X.X.X.X.X.X.X.X.X.X.X.X
..............................
X.X.X.X.X.X.X.X.X.X.X.X.X.X.X.
X.X.X.X.X.
X.X.X.X.X.
X.X.X.X.X.
..........
X.X.X.X.X.
X.X.X.X.X.
X.X.X.X.X.
..........
X.X.X.X..X
X.X.X.X..X
X.X.X.X..X
..........
X.X.X.X..X
X.X.X.X..X
X.X.X.X..X
..........
X.X.X.X..X
X.X.X.X..X
X.X.X.X..X
..........
X.X.X.X..X
X.X.X.X..X
X.X.X.X..X
..........
X.X.X.X..X
X.X.X.X..X
X.X.X.X..X
..........
X.X.X.X.X.
X.X.X.X.X.
X.X.X.X.X.
X.X.X.X.X.X.X.X.X.X.X.X.X.X.X.X.X
X.X.X.X.X.X.X.X.X.X.X.X.X.X.X.X.X
X.X.X.X.X.X.X.X.X.X.X.X.X.X.X.X.X
X.X.X.X.X.X.X.X.X.X.X.X.X.X.X.X.X
X.X.X.X.X.X.X.X.X.X.X.X.X.X.X.X.X
X.X.X.X.X.X.X.X.X.X.X.X.X.X.X.X.X
X.X.X.X.X.X.X.X.X.X.X.X.X.X.X.X.X
.................................
X.X.X.X.X.X.X.X.X.X.X.X.X.X.X.X.X
X.X.X.X.X.X.X.X.X.X.X.X.X.X.X.X.X
X.X.X.X.X.X.X.X.X.X.X.X.X.X.X.X.X
X.X.X.X.X.X.X.X.X.X.X.X.X.X.X.X.X
X.X.X.X.X.X.X.X.X.X.X.X.X.X.X.X.X
X.X.X.X.X.X.X.X.X.X.X.X.X.X.X.X.X
X.X.X.X.X.X.X.X.X.X.X.X.X.X.X.X.X
.................................
.................................
XXXXXXX.XXXXXXX.XXXXXXX.XXXXXXX..
X.X.X.X.X.X.X.X.X..XXXXX
X.X.X.X.X.X.X.X.X.......
X.X.X.X.X.X.X.X.X..XXXXX
X.X.X.X.X.X.X.X.X.......
X.X.X.X.X.X.X.X.X..XXXXX
........................
X.X.X.X.X.X.X.X.X..XXXXX
X.X.X.X.X.X.X.X.X.......
X.X.X.X.X.X.X.X.X..XXXXX
X.X.X.X.X.X.X.X.X.......
X.X.X.X.X.X.X.X.X..XXXXX
........................
...................XXXXX
XXXXX.XXXXX..XXXXX......
X.X.XX
X.X...
....XX
X.X...
X.X.XX
......
X.X.XX
X.X...
....XX
X.X...
X.X.XX
......
X.X.XX
X.X...
....XX
X.X...
X.X.XX
X.X.X.X.X.X.X.X.XXXX.X.X.X.X
X.X.X.X.X.X.X.X......X.X.X.X
X.X.X.X.X.X.X.X.XXXX.X.X.X.X
X.X.X.X.X.X.X.X......X.X.X.X
................XXXX........
X.X.X.X.X.X.X.X......X.X.X.X
X.X.X.X.X.X.X.X.XXXX.X.X.X.X
X.X.X.X.X.X.X.X......X.X.X.X
X.X.X.X.X.X.X.X.XXXX.X.X.X.X
............................
X.X.X.X.X..X.X.X.X.X.X.X.X.X
X.X.X.X.X..X.X.X.X.X.X.X.X.X
X.X.X.X.X..X.X.X.X.X.X.X.X.X
X.X.X.X.X..X.X.X.X.X.X.X.X.X
X.X.X.X.X.X.X.X.XXXX.X
X.X.X.X.X.X.X.X......X
X.X.X.X.X.X.X.X.XXXX.X
X.X.X.X.X.X.X.X......X
................XXXX..
X.X.X.X.X.X.X.X......X
X.X.X.X.X.X.X.X.XXXX.X
X.X.X.X.X.X.X.X......X
X.X.X.X.X.X.X.X.XXXX.X
......................
XXXX.XXXX..XXXX.XXXX.X
.....................X
XXXX.XXXX..XXXX.XXXX.X
.....................X
XXXX.XXXX..XXXX.XXXX..
X.X.X.X.X.X.X.X.X.X.X.X.X.X.X.X
X.X.X.X.X.X.X.X.X.X.X.X.X.X.X.X
X.X.X.X.X.X.X.X.X.X.X.X.X.X.X.X
X.X.X.X.X.X.X.X.X.X.X.X.X.X.X.X
X.X.X.X.X.X.X.X.X.X.X.X.X.X.X.X
X.X.X.X.X.X.X.X.X.X.X.X.X.X.X.X
X.X.X.X.X.X.X.X.X.X.X.X.X.X.X.X
...............................
X.X.X.X.X.X.X.X.X.X.X.X.X.X.X.X
X.X.X.X.X.X.X.X.X.X.X.X.X.X.X.X
X.X.X.X.X.X.X.X.X.X.X.X.X.X.X.X
X.X.X.X.X.X.X.X.X.X.X.X.X.X.X.X
X.X.X.X.X.X.X.X.X.X.X.X.X.X.X.X
X.X.X.X.X.X.X.X.X.X.X.X.X.X.X.X
X.X.X.X.X.X.X.X.X.X.X.X.X.X.X.X
...............................
XXXXXXX.XXXXXXX.XXXXXXX.XXXXXXX
...............................
XXXXXXX.XXXXXXX.XXXXXXX.XXXXXXX
...............................
XXXXXXX.XXXXXXX.XXXXXXX.XXXXXXX
...............................
XXXXXXX.XXXXXXX.XXXXXXX.XXXXXXX
...............................
XXXXXXX.XXXXXXX.XXXXXXX.XXXXXXX
...............................
XXXXXXX.XXXXXXX.XXXXXXX.XXXXXXX
...............................
XXXXXXX.XXXXXXX.XXXXXXX.XXXXXXX
...............................
XXXXXXX.XXXXXXX.XXXXXXX.XXXXXXX
...............................
XXXXXXX.XXXXXXX.XXXXXXX.XXXXXXX
...............................
XXXXXXX.XXXXXXX.XXXXXXX.XXXXXXX
X.X.X.X.X.X.
X.X.X.X.X.X.
X.X.X.X.X.X.
X.X.X.X.X.X.
X.X.X.X.X.X.
X.X.X.X.X.X.
X.X.X.X.X.X.
............
X.X.X.X.X.X.
X.X.X.X.X.X.
X.X.X.X.X.X.
X.X.X.X.X.X.
X.X.X.X.X.X.
X.X.X.X.X.X.
X.X.X.X.X.X.
............
............
XXXXXXX.....
............
XXXXXXX.....
XXXX.XXXX.XXXX..X
................X
XXXX.XXXX.XXXX..X
................X
XXXX.XXXX.XXXX...
.................
X.X.X.X.X.X.X.X.X
X.X.X.X.X.X.X.X.X
X.X.X.X.X.X.X.X.X
X.X.X.X.X.X.X.X.X
.................
X.X.X.X.X.X.X.X.X
X.X.X.X.X.X.X.X.X
X.X.X.X.X.X.X.X.X
X.X.X.X.X.X.X.X.X
.................
X.X.X.X.X.X.X.X.X
X.X.X.X.X.X.X.X.X
X.X.X.X.X.X.X.X.X
X.X.X.X.X.X.X.X.X
.................
X.X.X.X.X.X.X.X.X
X.X.X.X.X.X.X.X.X
X.X.X.X.X.X.X.X.X
X.X.X.X.X.X.X.X.X
X.X.X.X.X.X.X.X.X.X.X.X.X.X.X.X.X.X.X
X.X.X.X.X.X.X.X.X.X.X.X.X.X.X.X.X.X.X
X.X.X.X.X.X.X.X.X.X.X.X.X.X.X.X.X.X.X
X.X.X.X.X.X.X.X.X.X.X.X.X.X.X.X.X.X.X
X.X.X.X.X.X.X.X.X.X.X.X.X.X.X.X.X.X.X
X.X.X.X.X.X.X.X.X.X.X.X.X.X.X.X.X.X.X
.....................................
X.X.X.X.X.X.X.X.X.X.X.X.X.X.X.X.X.X.X
X.X.X.X.X.X.X.X.X.X.X.X.X.X.X.X.X.X.X
X.X.X.X.X.X.X.X.X.X.X.X.X.X.X.X.X.X.X
X.X.X.X.X.X.X.X.X.X.X.X.X.X.X.X.X.X.X
X.X.X.X.X.X.X.X.X.X.X.X.X.X.X.X.X.X.X
X.X.X.X.X.X.X.X.X.X.X.X.X.X.X.X.X.X.X
.....................................
XXXXXX.XXXXXX..XXXXXX.XXXXXX.XXXXXX..
.....................................
XXXXXX.XXXXXX..XXXXXX.XXXXXX.XXXXXX..
.....................................
X.X.X.X.X.X.X.X.X.X.X.X.X.X.X.X.X.X.X
X.X.X.X.X.X.X.X.X.X.X.X.X.X.X.X.X.X.X
X.X.X.X.X.X.X.X.X.X.X.X.X.X.X.X.X.X.X
X.X.X.X.X.X.X.X.X.X.X.X.X.X.X.X.X.X.X
X.X.X.X.X.X.X.X.X.X.X.X.X.X.X.X.X.X.X
X.X.X.X.X.X.X.X.X.X.X.X.X.X.X.X.X.X.X
X.X.X.X.X.X.X
X.X.X.X.X.X.X
X.X.X.X.X.X.X
X.X.X.X.X.X.X
X.X.X.X.X.X.X
X.X.X.X.X.X.X
.............
X.X.X.X.X.X.X
X.X.X.X.X.X.X
X.X.X.X.X.X.X
X.X.X.X.X.X.X
X.X.X.X.X.X.X
X.X.X.X.X.X.X
.............
XXXXXX.XXXXXX
.............
XXXXXX.XXXXXX
.............
XXXXXX.XXXXXX
.............
XXXXXX.XXXXXX
.............
XXXXXX.XXXXXX
.............
XXXXXX.XXXXXX
.............
XXXXXX.XXXXXX
.............
XXXXXX.XXXXXX
.............
XXXXXX.XXXXXX
.............
XXXXXX.XXXXXX
X.X.X.X.X.X.X.X.X.X.
X.X.X.X.X.X.X.X.X.X.
X.X.X.X.X.X.X.X.X.X.
X.X.X.X.X.X.X.X.X.X.
X.X.X.X.X.X.X.X.X.X.
X.X.X.X.X.X.X.X.X.X.
....................
XXXXXX.XXXXXX.XXXXXX
X.X.X.X.X.X.X.X.X.X.X.X.X.X.X.X.X.X
X.X.X.X.X.X.X.X.X.X.X.X.X.X.X.X.X.X
X.X.X.X.X.X.X.X.X.X.X.X.X.X.X.X.X.X
X.X.X.X.X.X.X.X.X.X.X.X.X.X.X.X.X.X
X.X.X.X.X.X.X.X.X.X.X.X.X.X.X.X.X.X
...................................
X.X.X.X.X.X.X.X.X.X.X.X.X.X.X.X.X.X
X.X.X.X.X.X.X.X.X.X.X.X.X.X.X.X.X.X
X.X.X.X.X.X.X.X.X.X.X.X.X.X.X.X.X.X
X.X.X.X.X.X.X.X.X.X.X.X.X.X.X.X.X.X
X.X.X.X.X.X.X.X.X.X.X.X.X.X.X.X.X.X
...................................
XXXXX.XXXXX.XXXXX.XXXXX.XXXXX.XXXXX
...................................
XXXXX.XXXXX.XXXXX.XXXXX.XXXXX.XXXXX
X.X.X.X.X.X.X
X.X.X.X.X.X.X
X.X.X.X.X.X.X
X.X.X.X.X.X.X
X.X.X.X.X.X.X
.............
X.X.X.X.X.X.X
X.X.X.X.X.X.X
X.X.X.X.X.X.X
X.X.X.X.X.X.X
X.X.X.X.X.X.X
.............
XXXXX.XXXXX..
.............
X.X.X.X.X.X.X
X.X.X.X.X.X.X
X.X.X.X.X.X.X
X.X.X.X.X.X.X
X.X.X.X.X.X.X
.............
X.X.X.X.X.X.X
X.X.X.X.X.X.X
X.X.X.X.X.X.X
X.X.X.X.X.X.X
X.X.X.X.X.X.X
X.X.X.X.X.X.X.X.X.X.X.X.X
X.X.X.X.X.X.X.X.X.X.X.X.X
X.X.X.X.X.X.X.X.X.X.X.X.X
X.X.X.X.X.X.X.X.X.X.X.X.X
X.X.X.X.X.X.X.X.X.X.X.X.X
.........................
X.X.X.X.X.X.X.X.X.X.X.X.X
X.X.X.X.X.X.X.X.X.X.X.X.X
X.X.X.X.X.X.X.X.X.X.X.X.X
X.X.X.X.X.X.X.X.X.X.X.X.X
X.X.X.X.X.X.X.X.X.X.X.X.X
.........................
.........................
XXXXX.XXXXX.XXXXX.XXXXX..
X.X.X.X.X.X.X.X.X..X.X.X.X.X.X.X
X.X.X.X.X.X.X.X.X..X.X.X.X.X.X.X
X.X.X.X.X.X.X.X.X..X.X.X.X.X.X.X
X.X.X.X.X.X.X.X.X..X.X.X.X.X.X.X
X.X.X.X.X.X.X.X.X..X.X.X.X.X.X.X
................................
X.X.X.X.X.X.X.X.X..X.X.X.X.X.X.X
X.X.X.X.X.X.X.X.X..X.X.X.X.X.X.X
X.X.X.X.X.X.X.X.X..X.X.X.X.X.X.X
X.X.X.X.X.X.X.X.X..X.X.X.X.X.X.X
X.X.X.X.X.X.X.X.X..X.X.X.X.X.X.X
................................
X.X.X.X.X.X..X.X.X.X.X.X.X.X.X.X
X.X.X.X.X.X..X.X.X.X.X.X.X.X.X.X
X.X.X.X.X.X..X.X.X.X.X.X.X.X.X.X
X.X.X.X.X.X..X.X.X.X.X.X.X.X.X.X
X.X.X.X.X.X..X.X.X.X.X.X.X.X.X.X
................................
X.X.X.X.X.X..X.X.X.X.X.X.X.X.X.X
X.X.X.X.X.X..X.X.X.X.X.X.X.X.X.X
X.X.X.X.X.X..X.X.X.X.X.X.X.X.X.X
X.X.X.X.X.X..X.X.X.X.X.X.X.X.X.X
X.X.X.X.X.X..X.X.X.X.X.X.X.X.X.X
................................
XXXXX.XXXXX.XXXXX.XXXXX.XXXXX...
XXXX.XXXX..X
...........X
XXXX.XXXX..X
...........X
X.X.X.X.....
X.X.X.X.XXXX
X.X.X.X.....
X.X.X.X.XXXX
XXXXXX.XXXXXX.XXXXXX.XXXXXX.X.X
............................X.X
XXXXXX.XXXXXX.XXXXXX.XXXXXX.X.X
............................X.X
XXXXXX.XXXXXX.XXXXXX.XXXXXX.X.X
............................X.X
XXXXXX.XXXXXX.XXXXXX.XXXXXX....
............................X.X
X.X.X.X.X.X.X.X.X.X.X.X.X.X.X.X
X.X.X.X.X.X.X.X.X.X.X.X.X.X.X.X
X.X.X.X.X.X.X.X.X.X.X.X.X.X.X.X
X.X.X.X.X.X.X.X.X.X.X.X.X.X.X.X
X.X.X.X.X.X.X.X.X.X.X.X.X.X.X.X
X.X.X.X.X.X.X.X.X.X.X.X.X.X....
............................X.X
X.X.X.X.X.X.X.X.X.X.X.X.X.X.X.X
X.X.X.X.X.X.X.X.X.X.X.X.X.X.X.X
X.X.X.X.X.X.X.X.X.X.X.X.X.X.X.X
X.X.X.X.X.X.X.X.X.X.X.X.X.X.X.X
X.X.X.X.X.X.X.X.X.X.X.X.X.X.X.X
X.X.X.X.X.X.X.X.X.X.X.X.X.X....
............................X.X
X.X.X.X.X.X.X.X.X.X.X.X.X.X.X.X
X.X.X.X.X.X.X.X.X.X.X.X.X.X.X.X
X.X.X.X.X.X.X.X.X.X.X.X.X.X.X.X
X.X.X.X.X.X.X.X.X.X.X.X.X.X.X.X
X.X.X.X.X.X.X.X.X.X.X.X.X.X.X.X
X.X.X.X.X.X.X.X.X.X.X.X.X.X....
X.X.X.X.
X.X.X.X.
X.X.X.X.
........
X.X.X.X.
X.X.X.X.
X.X.X.X.
........
........
X.X.X.X.
X.X.X.X.
X.X.X.X.
........
XXX.XXX.
X.X.X.X.X.X.X.X.X.X.X
X.X.X.X.X.X.X.X.X.X.X
X.X.X.X.X.X.X.X.X.X.X
X.X.X.X.X.X.X.X.X.X.X
X.X.X.X.X.X.X.X.X.X.X
X.X.X.X.X.X.X.X.X.X.X
.....................
X.X.X.X.X.X.X.X.X.X.X
X.X.X.X.X.X.X.X.X.X.X
X.X.X.X.X.X.X.X.X.X.X
X.X.X.X.X.X.X.X.X.X.X
X.X.X.X.X.X.X.X.X.X.X
X.X.X.X.X.X.X.X.X.X.X
.....................
XXXXXX.XXXXXX..XXXXXX
.....................
XXXXXX.XXXXXX..XXXXXX
.....................
XXXXXX.XXXXXX..XXXXXX
.....................
XXXXXX.XXXXXX..XXXXXX
.....................
XXXXXX.XXXXXX..XXXXXX
.....................
XXXXXX.XXXXXX..XXXXXX
.....................
X.X.X.X.X.X.X.X.X.X.X
X.X.X.X.X.X.X.X.X.X.X
X.X.X.X.X.X.X.X.X.X.X
X.X.X.X.X.X.X.X.X.X.X
X.X.X.X.X.X.X.X.X.X.X
X.X.X.X.X.X.X.X.X.X.X
X.X.X.X.X.X.X
X.X.X.X.X.X.X
X.X.X.X.X.X.X
X.X.X.X.X.X.X
X.X.X.X.X.X.X
X.X.X.X.X.X.X.X.X.X.X
.....................
X.X.X.X.X.X.X.X.X.X.X
.....................
.....................
X.X.X.X.X.X.X.X.X.X.X
X.X.X.X
X.X.X.X
X.X.X.X
X.X.X.X
X.X.X.X
X.X.X.X
.......
XXXXXX.
X.X.X.X.X.X.X.X.X.X.X.X.X.X.X.X
X.X.X.X.X.X.X.X.X.X.X.X.X.X.X.X
X.X.X.X.X.X.X.X.X.X.X.X.X.X.X.X
X.X.X.X.X.X.X.X.X.X.X.X.X.X.X.X
...............................
X.X.X.X.X.X.X.X.X.X.X.X.X.X.X.X
X.X.X.X.X.X.X.X.X.X.X.X.X.X.X.X
X.X.X.X.X.X.X.X.X.X.X.X.X.X.X.X
X.X.X.X.X.X.X.X.X.X.X.X.X.X.X.X
...............................
XXXX.XXXX..XXXX.XXXX.XXXX.XXXX.
...............................
XXXX.XXXX..XXXX.XXXX.XXXX.XXXX.
...............................
X.X.X.X.X.X.X.X.X.X.X.X.X.X.X.X
X.X.X.X.X.X.X.X.X.X.X.X.X.X.X.X
X.X.X.X.X.X.X.X.X.X.X.X.X.X.X.X
X.X.X.X.X.X.X.X.X.X.X.X.X.X.X.X
...............................
X.X.X.X.X.X.X.X.X.X.X.X.X.X.X.X
X.X.X.X.X.X.X.X.X.X.X.X.X.X.X.X
X.X.X.X.X.X.X.X.X.X.X.X.X.X.X.X
X.X.X.X.X.X.X.X.X.X.X.X.X.X.X.X
...............................
X.X.X.X.X.X.X.X.X.X.X.X.X.X.X.X
X.X.X.X.X.X.X.X.X.X.X.X.X.X.X.X
X.X.X.X.X.X.X.X.X.X.X.X.X.X.X.X
X.X.X.X.X.X.X.X.X.X.X.X.X.X.X.X
X.X.X.X.X
X.X.X.X.X
.........
X.X.X.X.X
X.X.X.X.X
.........
XX.XX..XX
.........
X.X.X.X.X
X.X.X.X.X
.........
X.X.X.X.X
X.X.X.X.X
.........
X.X.X.X.X
X.X.X.X.X
.........
X.X.X.X.X
X.X.X.X.X
.........
X.X.X.X.X
X.X.X.X.X
.........
X.X.X.X.X
X.X.X.X.X
.........
X.X.X.X.X
X.X.X.X.X
.........
X.X.X.X.X
X.X.X.X.X
.........
X.X.X.X.X
X.X.X.X.X
.........
X.X.X.X.X
X.X.X.X.X
X.X.X.X.X
X.X.X.X.X
X.X.X.X.X
X.X.X.X.X
X.X.X.X.X
X.X.X.X.X
X.X.X.X.X
.........
X.X.X.X.X.X..X.X
X.X.X.X.X.X..X.X
X.X.X.X.X.X..X.X
................
X.X.X.X.X.X..X.X
X.X.X.X.X.X..X.X
X.X.X.X.X.X..X.X
................
.............X.X
X.X.X.X..X.X.X.X
X.X.X.X..X.X.X.X
X.X.X.X..X.X....
................
X.X.X.X..X.X.X.X
X.X.X.X..X.X.X.X
X.X.X.X..X.X.X.X
................
X.X.X.X..X.X.X.X
X.X.X.X..X.X.X.X
X.X.X.X..X.X.X.X
................
XXX.XXX.XXX.XXX.
X.X.X.X.X.X.X.X
X.X.X.X.X.X.X.X
X.X.X.X.X.X.X.X
...............
X.X.X.X.X.X.X.X
X.X.X.X.X.X.X.X
X.X.X.X.X.X.X.X
...............
...............
XXX.XXX.XXX.XXX
...............
XXX.XXX.XXX.XXX
...............
XXX.XXX.XXX.XXX
...............
XXX.XXX.XXX.XXX
...............
XXX.XXX.XXX.XXX
...............
XXX.XXX.XXX.XXX
...............
XXX.XXX.XXX.XXX
...............
XXX.XXX.XXX.XXX
...............
XXX.XXX.XXX.XXX
X.X.X.X
X.X.X.X
X.X.X.X
X.X.X.X
.......
X.X.X.X
X.X.X.X
X.X.X.X
X.X.X.X
.......
X.X.X.X
X.X.X.X
X.X.X.X
X.X.X.X
.......
X.X.X.X
X.X.X.X
X.X.X.X
X.X.X.X
.......
X.X.X.X
X.X.X.X
X.X.X.X
X.X.X.X
.......
X.X.X.X
X.X.X.X
X.X.X.X
X.X.X.X
.......
XXXX...
XXXXXX.XXXXXX.XXXXXX.XXXXXX.XXXXXX.X.X
...................................X.X
XXXXXX.XXXXXX.XXXXXX.XXXXXX.XXXXXX.X.X
...................................X.X
XXXXXX.XXXXXX.XXXXXX.XXXXXX.XXXXXX.X.X
...................................X.X
XXXXXX.XXXXXX.XXXXXX.XXXXXX.XXXXXX....
...................................X.X
XXXXXX.XXXXXX.XXXXXX.XXXXXX.XXXXXX.X.X
...................................X.X
XXXXXX.XXXXXX.XXXXXX.XXXXXX.XXXXXX.X.X
...................................X.X
XXXXXX.XXXXXX.XXXXXX.XXXXXX.XXXXXX.X.X
......................................
XXXXXX.XXXXXX.XXXXXX.XXXXXX.XXXXXX.X.X
...................................X.X
XXXXXX.XXXXXX.XXXXXX.XXXXXX.XXXXXX.X.X
...................................X.X
XXXXXX.XXXXXX.XXXXXX.XXXXXX.XXXXXX.X.X
...................................X.X
XXXXXX.XXXXXX.XXXXXX.XXXXXX.XXXXXX....
...................................X.X
XXXXXX.XXXXXX.XXXXXX.XXXXXX.XXXXXX.X.X
...................................X.X
XXXXXX.XXXXXX.XXXXXX.XXXXXX.XXXXXX.X.X
...................................X.X
XXXXXX.XXXXXX.XXXXXX.XXXXXX.XXXXXX.X.X
......................................
XXXXXX.XXXXXX.XXXXXX.XXXXXX.XXXXXX.X.X
...................................X.X
XXXXXX.XXXXXX.XXXXXX.XXXXXX.XXXXXX.X.X
...................................X.X
XXXXXX.XXXXXX.XXXXXX.XXXXXX.XXXXXX.X.X
...................................X.X
XXXXXX.XXXXXX.XXXXXX.XXXXXX.XXXXXX....
......................................
XXXXXX.XXXXXX.XXXXXX.XXXXXX.XXXXXX....
X.X.X.X.X.X.X.X.X.X.X
X.X.X.X.X.X.X.X.X.X.X
.....................
X.X.X.X.X.X.X.X.X.X.X
X.X.X.X.X.X.X.X.X.X.X
.....................
X.X.X.X.X.X.X.X.X.X.X
X.X.X.X.X.X.X.X.X.X.X
.....................
X.X.X.X.X.X.X.X.X.X.X
X.X.X.X.X.X.X.X.X.X.X
.....................
X.X.X.X.X.X.X.X.X.X.X
X.X.X.X.X.X.X.X.X.X.X
XX.XX.XX.XX.XX.XX.XX.XX.XX.X
...........................X
XX.XX.XX.XX.XX.XX.XX.XX.XX..
...........................X
XX.XX.XX.XX.XX.XX.XX.XX.XX.X
............................
XX.XX.XX.XX.XX.XX.XX.XX.XX.X
...........................X
XX.XX.XX.XX.XX.XX.XX.XX.XX..
...........................X
XX.XX.XX.XX.XX.XX.XX.XX.XX.X
............................
XX.XX.XX.XX.XX.XX.XX.XX.XX.X
...........................X
XX.XX.XX.XX.XX.XX.XX.XX.XX..
...........................X
XX.XX.XX.XX.XX.XX.XX.XX.XX.X
............................
XX.XX.XX.XX.XX.XX.XX.XX.XX..
XXXXX.XXXXX.XXXXX..X
...................X
XXXXX.XXXXX.XXXXX..X
...................X
XXXXX.XXXXX.XXXXX..X
....................
XXXXX.XXXXX.XXXXX...
X.X.X.X.X.X.X.X.X.X
X.X.X.X.X.X.X.X.X.X
X.X.X.X.X.X.X.X.X.X
X.X.X.X.X.X.X.X.X.X
X.X.X.X.X.X.X.X.X.X
X.X.X.X.X.X.X.X.X.X
X.X.X.X.X.X.X.X.X.X
...................
X.X.X.X.X.X.X.X.X.X
X.X.X.X.X.X.X.X.X.X
X.X.X.X.X.X.X.X.X.X
X.X.X.X.X.X.X.X.X.X
X.X.X.X.X.X.X.X.X.X
X.X.X.X.X.X.X.X.X.X
X.X.X.X.X.X.X.X.X.X
...................
XXXXXXX.XXXXXXX....
XX.XX.XX
........
XX.XX.XX
........
XX.XX.XX
........
X.X.X..X
X.X.X..X
........
XX.XX.XX
........
XX.XX.XX
........
XX.XX.XX
........
XX.XX.XX
........
XX.XX.XX
........
XX.XX.XX
........
XX.XX.XX
........
XX.XX.XX
........
XX.XX.XX
........
XX.XX.XX
........
XX.XX.XX
........
XX.XX.XX
XXXXXXX..X.X
.........X.X
XXXXXXX..X.X
.........X.X
XXXXXXX..X.X
.........X.X
XXXXXXX..X.X
............
XXXXXXX..X.X
.........X.X
XXXXXXX..X.X
.........X.X
XXXXXXX..X.X
.........X.X
X.X......X.X
X.X.........
X.X..XXXXXXX
X.X.........
X.X..XXXXXXX
X.X.........
X.X..XXXXXXX
............
XXXX.XXXX.XXXX.X.X.X.X.X.X.X.X.X.X
...............X.X.X.X.X.X.X.X.X.X
XXXX.XXXX.XXXX.X.X.X.X.X.X.X.X.X.X
...............X.X.X.X.X.X.X.X.X.X
XXXX.XXXX.XXXX....................
...............X.X.X.X.X.X.X.X.X.X
XXXX.XXXX.XXXX.X.X.X.X.X.X.X.X.X.X
...............X.X.X.X.X.X.X.X.X.X
XXXX.XXXX.XXXX.X.X.X.X.X.X.X.X.X.X
..................................
XXXX.XXXX.XXXX.XXXX.XXXX.XXXX.XXXX
..................................
XXXX.XXXX.XXXX.XXXX.XXXX.XXXX.XXXX
..................................
XXXX.XXXX.XXXX.XXXX.XXXX.XXXX.XXXX
..................................
XXXX.XXXX.XXXX.XXXX.XXXX.XXXX.XXXX
..................................
XXXX.XXXX.XXXX.XXXX.XXXX.XXXX.XXXX
..................................
XXXX.XXXX.XXXX.XXXX.XXXX.XXXX.XXXX
..................................
XXXX.XXXX.XXXX.XXXX.XXXX.XXXX.XXXX
..................................
XXXX.XXXX.XXXX.XXXX.XXXX.XXXX.XXXX
..................................
XXXX.XXXX.XXXX.XXXX.XXXX.XXXX.XXXX
..................................
XXXX.XXXX.XXXX.XXXX.XXXX.XXXX.XXXX
..................................
XXXX.XXXX.XXXX.XXXX.XXXX.XXXX.XXXX
..................................
XXXX.XXXX.XXXX.XXXX.XXXX.XXXX.XXXX
..................................
XXXX.XXXX.XXXX.XXXX.XXXX.XXXX.XXXX
X.X.X.X.X
X.X.X.X.X
.........
X.X.X.X.X
X.X.X.X.X
.........
XX.XX..XX
.........
XX.XX..XX
.........
X.X.X.X.X
X.X.X.X.X
.........
X.X.X.X.X
X.X.X.X.X
.........
X.X.X.X.X
X.X.X.X.X
.........
X.X.X.X.X
X.X.X.X.X
.........
X.X.X.X.X
X.X.X.X.X
.........
X.X.X.X.X
X.X.X.X.X
.........
X.X.X.X.X
X.X.X.X.X
X.X.X.X.X.XX.XX.XX.XX.XX.XX.XX.X
X.X.X.X.X......................X
..........XX.XX.XX.XX.XX.XX.XX..
X.X.X.X.X......................X
X.X.X.X.X.XX.XX.XX.XX.XX.XX.XX.X
................................
X.X.X..X.X.X.X.X.X.X.X.X.X.X.X.X
X.X.X..X.X.X.X.X.X.X.X.X.X.X.X.X
X.X.X.X.X.X.X.X.X.X.X.X
X.X.X.X.X.X.X.X.X.X.X.X
X.X.X.X.X.X.X.X.X.X.X.X
X.X.X.X.X.X.X.X.X.X.X.X
.......................
X.X.X.X.X.X.X.X.X.X.X.X
X.X.X.X.X.X.X.X.X.X.X.X
X.X.X.X.X.X.X.X.X.X.X.X
X.X.X.X.X.X.X.X.X.X.X.X
.......................
XXXX.XXXX..XXXX.XXXX...
.......................
X.X.X.X.X.X.X.X.X.X.X.X
X.X.X.X.X.X.X.X.X.X.X.X
X.X.X.X.X.X.X.X.X.X.X.X
X.X.X.X.X.X.X.X.X.X.X.X
.......................
X.X.X.X.X.X.X.X.X.X.X.X
X.X.X.X.X.X.X.X.X.X.X.X
X.X.X.X.X.X.X.X.X.X.X.X
X.X.X.X.X.X.X.X.X.X.X.X
.......................
X.X.X.X.X.X.X.X.X.X.X.X
X.X.X.X.X.X.X.X.X.X.X.X
X.X.X.X.X.X.X.X.X.X.X.X
X.X.X.X.X.X.X.X.X.X.X.X
X.X.X.X.X.X.X
X.X.X.X.X.X.X
.............
X.X.X.X.X.X.X
X.X.X.X.X.X.X
.............
X.X.X.X.X.X.X
X.X.X.X.X.X.X
.............
X.X.X.X.X.X.X
X.X.X.X.X.X.X
.............
X.X.X.X.X.X.X
X.X.X.X.X.X.X
.............
X.X.X.X.X.X.X
X.X.X.X.X.X.X
.............
X.X.X.X.X.X.X
X.X.X.X.X.X.X
.............
X.X.X.X.X.X.X
X.X.X.X.X.X.X
.............
X.X.X.X.X.X.X
X.X.X.X.X.X.X
X.X.X.X.X
.........
X.X.X.X.X
.........
X.X.X.X.X
.........
X.X.X.X.X
.........
X.X.X.X.X
.........
X.X.X.X.X
.........
X.X.X.X.X
.........
X.X.X.X.X
.........
X.X.X.X.X
.........
X.X.X.X.X
.........
X.X.X.X.X
.........
X.X.X.X.X
X.X.X.X.X.X.X.
X.X.X.X.X.X.X.
X.X.X.X.X.X.X.
X.X.X.X.X.X.X.
X.X.X.X.X.X.X.
X.X.X.X.X.X.X.
..............
XXXXXX.XXXXXX.
..............
XXXXXX.XXXXXX.
..............
XXXXXX.XXXXXX.
XXXXXXX.XXXXXXX.X.X.X.X.X.X.X
................X.X.X.X.X.X.X
XXXXXXX.XXXXXXX.X.X.X.X.X.X.X
................X.X.X.X.X.X.X
XXXXXXX.XXXXXXX.X.X.X.X.X.X.X
................X.X.X.X.X.X.X
XXXXXXX.XXXXXXX.X.X.X.X.X.X.X
.............................
XXXXXXX.XXXXXXX.X.X.X.X.X.X.X
................X.X.X.X.X.X.X
XXXXXXX.XXXXXXX.X.X.X.X.X.X.X
................X.X.X.X.X.X.X
................X.X.X.X.X.X.X
X.X.X.X.X.X.X...X.X.X.X.X.X.X
X.X.X.X.X.X.X...X.X.X.X.X.X.X
X.X.X.X.X.X.X................
X.X.X.X.X.X.X................
X.X.X.X.X.X.X.XXXXXXX.XXXXXXX
X.X.X.X.X.X.X................
X.X.X.X.X.X.X.XXXXXXX.XXXXXXX
.............................
X.X.X.X.X.X.X.XXXXXXX.XXXXXXX
X.X.X.X.X.X.X................
X.X.X.X.X.X.X.XXXXXXX.XXXXXXX
X.X.X.X.X.X.X................
X.X.X.X.X.X.X.XXXXXXX.XXXXXXX
X.X.X.X.X.X.X................
X.X.X.X.X.X.X.XXXXXXX.XXXXXXX
.............................
X.X.X.X.X.X.X.X.X.X.X.X.X.X.X
X.X.X.X.X.X.X.X.X.X.X.X.X.X.X
X.X.X.X.X.X.X.X.X.X.X.X.X.X.X
X.X.X.X.X.X.X.X.X.X.X.X.X.X.X
X.X.X.X.X.X.X.X.X.X.X.X.X.X.X
X.X.X.X.X.X.X.X.X.X.X.X.X.X.X
X.X.X.X.X.X.X.X.X.X.X.X.X.X.X
X.X.X.X.X.X.X.X.X.X.X.X.X
X.X.X.X.X.X.X.X.X.X.X.X.X
X.X.X.X.X.X.X.X.X.X.X.X.X
X.X.X.X.X.X.X.X.X.X.X.X.X
X.X.X.X.X.X.X.X.X.X.X.X.X
.........................
X.X.X.X.X.X.X.X.X.X.X.X.X
X.X.X.X.X.X.X.X.X.X.X.X.X
X.X.X.X.X.X.X.X.X.X.X.X.X
X.X.X.X.X.X.X.X.X.X.X.X.X
X.X.X.X.X.X.X.X.X.X.X.X.X
.........................
.........................
X.X.X.X.X.X.X.X.X.X.X.X.X
X.X.X.X.X.X.X.X.X.X.X.X.X
X.X.X.X.X.X.X.X.X.X.X.X.X
X.X.X.X.X.X.X.X.X.X.X.X.X
X.X.X.X.X.X.X.X.X.X.X.X.X
.........................
X.X.X.X.X.X.X.X.X.X.X.X.X
X.X.X.X.X.X.X.X.X.X.X.X.X
X.X.X.X.X.X.X.X.X.X.X.X.X
X.X.X.X.X.X.X.X.X.X.X.X.X
X.X.X.X.X.X.X.X.X.X.X.X.X
.........................
X.X.X.X.X.X.X.X.X.X.X.X.X
X.X.X.X.X.X.X.X.X.X.X.X.X
X.X.X.X.X.X.X.X.X.X.X.X.X
X.X.X.X.X.X.X.X.X.X.X.X.X
X.X.X.X.X.X.X.X.X.X.X.X.X
.........................
X.X.X.X.X.X.X.X.X.X.X.X.X
X.X.X.X.X.X.X.X.X.X.X.X.X
X.X.X.X.X.X.X.X.X.X.X.X.X
X.X.X.X.X.X.X.X.X.X.X.X.X
X.X.X.X.X.X.X.X.X.X.X.X.X
X.X.X.X.X.X..X.X.X.X.X.X.X.X.X.X.X.X
X.X.X.X.X.X..X.X.X.X.X.X.X.X.X.X.X.X
X.X.X.X.X.X..X.X.X.X.X.X.X.X.X.X.X.X
....................................
X.X.X.X.X.X..X.X.X.X.X.X.X.X.X.X.X.X
X.X.X.X.X.X..X.X.X.X.X.X.X.X.X.X.X.X
X.X.X.X.X.X..X.X.X.X.X.X.X.X.X.X.X.X
....................................
X.X.X.X..X.X.X.X.X.X.X.X.X.X.X.X.X.X
X.X.X.X..X.X.X.X.X.X.X.X.X.X.X.X.X.X
X.X.X.X..X.X.X.X.X.X.X.X.X.X.X.X.X.X
....................................
X.X.X.X..X.X.X.X.X.X.X.X.X.X.X.X.X.X
X.X.X.X..X.X.X.X.X.X.X.X.X.X.X.X.X.X
X.X.X.X..X.X.X.X.X.X.X.X.X.X.X.X.X.X
....................................
X.X.X.X..X.X.X.X.X.X.X.X.X.X.X.X.X.X
X.X.X.X..X.X.X.X.X.X.X.X.X.X.X.X.X.X
X.X.X.X..X.X.X.X.X.X.X.X.X.X.X.X.X.X
....................................
XXX.XXX.XXX.XXX.XXX.XXX.XXX.XXX.XXX.
X.X.X.X
X.X.X.X
X.X.X.X
X.X.X.X
.......
X.X.X.X
X.X.X.X
X.X.X.X
X.X.X.X
.......
.......
X.X.X.X
X.X.X.X
X.X.X.X
X.X.X.X
.......
XXXX...
XXXXXX.X.X.XXXXXX
.......X.X.......
XXXXXX.X.X.XXXXXX
.......X.X.......
XXXXXX.X.X.XXXXXX
.......X.X.......
XXXXXX.....XXXXXX
.......X.X.......
XXXXXX.X.X.XXXXXX
.......X.X.......
XXXXXX.X.X.XXXXXX
.......X.X.......
X.X....X.X.XXXXXX
X.X..............
X.X.XXXXXX.XXXXXX
X.X..............
X.X.XXXXXX.XXXXXX
X.X..............
....XXXXXX.XXXXXX
X.X..............
X.X.XXXXXX.XXXXXX
X.X..............
X.X.XXXXXX.XXXXXX
X.X..............
X.X.XXXXXX.XXXXXX
.................
X.X.X.X.X.X.X.X.X
X.X.X.X.X.X.X.X.X
X.X.X.X.X.X.X.X.X
X.X.X.X.X.X.X.X.X
X.X.X.X.X.X.X.X.X
X.X.X.X.X.X.X.X.X
XX.XX.XX.X.X.X.X.X.X.X.X.X
.........X.X.X.X.X.X.X.X.X
XX.XX.XX..................
.........X.X.X.X.X.X.X.X.X
XX.XX.XX.X.X.X.X.X.X.X.X.X
..........................
XX.XX.XX.XX.XX.XX.XX.XX.XX
..........................
XX.XX.XX.XX.XX.XX.XX.XX.XX
..........................
XX.XX.XX.XX.XX.XX.XX.XX.XX
..........................
XX.XX.XX.XX.XX.XX.XX.XX.XX
X.X.X.X
.......
X.X.X.X
.......
X.X.X.X.X.X.XXXXXX.XXXXXX.XXXXXX
X.X.X.X.X.X.....................
X.X.X.X.X.X.XXXXXX.XXXXXX.XXXXXX
X.X.X.X.X.X.....................
X.X.X.X.X.X.XXXXXX.XXXXXX.XXXXXX
X.X.X.X.X.X.....................
............XXXXXX.XXXXXX.XXXXXX
XXXXXX..........................
.......X.X.X.X.X.X.X.X.X.X.X.X.X
XXXXXX.X.X.X.X.X.X.X.X.X.X.X.X.X
.......X.X.X.X.X.X.X.X.X.X.X.X.X
XXXXXX.X.X.X.X.X.X.X.X.X.X.X.X.X
.......X.X.X.X.X.X.X.X.X.X.X.X.X
XXXXXX.X.X.X.X.X.X.X.X.X.X.X.X.X
................................
XXXXXX.X.X.X.X.X.X.X.X.X.X.X.X.X
.......X.X.X.X.X.X.X.X.X.X.X.X.X
XXXXXX.X.X.X.X.X.X.X.X.X.X.X.X.X
.......X.X.X.X.X.X.X.X.X.X.X.X.X
XXXXXX.X.X.X.X.X.X.X.X.X.X.X.X.X
.......X.X.X.X.X.X.X.X.X.X.X.X.X
XXXXXX..........................
.......X.X.X.X.X.X.X.X.X.X.X.X.X
XXXXXX.X.X.X.X.X.X.X.X.X.X.X.X.X
.......X.X.X.X.X.X.X.X.X.X.X.X.X
XXXXXX.X.X.X.X.X.X.X.X.X.X.X.X.X
.......X.X.X.X.X.X.X.X.X.X.X.X.X
XXXXXX.X.X.X.X.X.X.X.X.X.X.X.X.X
................................
XXXXXX.XXXXXX.XXXXXX.XXXXXX.....
XX.XX.XX.X.X.X.X.X.X.X.X.X.X.X.X
.........X.X.X.X.X.X.X.X.X.X.X.X
XX.XX.XX........................
.........X.X.X.X.X.X.X.X.X.X.X.X
XX.XX.XX.X.X.X.X.X.X.X.X.X.X.X.X
................................
X.X.X..X.X.X.X.X.X.X.X.X.X.X.X.X
X.X.X..X.X.X.X.X.X.X.X.X.X.X.X.X
................................
XX.XX.XX.XX.XX.XX.XX.XX.XX.XX.XX
................................
XX.XX.XX.XX.XX.XX.XX.XX.XX.XX.XX
................................
XX.XX.XX.XX.XX.XX.XX.XX.XX.XX.XX
................................
XX.XX.XX.XX.XX.XX.XX.XX.XX.XX.XX
................................
XX.XX.XX.XX.XX.XX.XX.XX.XX.XX.XX
................................
XX.XX.XX.XX.XX.XX.XX.XX.XX.XX.XX
................................
XX.XX.XX.XX.XX.XX.XX.XX.XX.XX.XX
X.X.X.X.X.X.X.X
X.X.X.X.X.X.X.X
X.X.X.X.X.X.X.X
X.X.X.X.X.X.X.X
...............
X.X.X.X.X.X.X.X
X.X.X.X.X.X.X.X
X.X.X.X.X.X.X.X
X.X.X.X.X.X.X.X
...............
XXXX.XXXX..XXXX
...............
XXXX.XXXX..XXXX
...............
X.X.X.X.X.X.X.X
X.X.X.X.X.X.X.X
X.X.X.X.X.X.X.X
X.X.X.X.X.X.X.X
X.X.X.X.X.X.X.X.X..X.X.X.X.X.X.X.X
X.X.X.X.X.X.X.X.X..X.X.X.X.X.X.X.X
X.X.X.X.X.X.X.X.X..X.X.X.X.X.X.X.X
X.X.X.X.X.X.X.X.X..X.X.X.X.X.X.X.X
X.X.X.X.X.X.X.X.X..X.X.X.X.X.X.X.X
..................................
X.X.X.X.X.X.X.X.X..X.X.X.X.X.X.X.X
X.X.X.X.X.X.X.X.X..X.X.X.X.X.X.X.X
X.X.X.X.X.X.X.X.X..X.X.X.X.X.X.X.X
X.X.X.X.X.X.X.X.X..X.X.X.X.X.X.X.X
X.X.X.X.X.X.X.X.X..X.X.X.X.X.X.X.X
..................................
...................X.X.X.X.X.X.X.X
X.X.X.X.X.X..X.X.X.X.X.X.X.X.X.X.X
X.X.X.X.X.X..X.X.X.X.X.X.X.X.X.X.X
X.X.X.X.X.X..X.X.X.X.X.X.X.X.X.X.X
X.X.X.X.X.X..X.X.X.X.X.X.X.X.X.X.X
X.X.X.X.X.X..X.X.X................
..................................
X.X.X.X.X.X..X.X.X.X.X.X.X.X.X.X.X
X.X.X.X.X.X..X.X.X.X.X.X.X.X.X.X.X
X.X.X.X.X.X..X.X.X.X.X.X.X.X.X.X.X
X.X.X.X.X.X..X.X.X.X.X.X.X.X.X.X.X
X.X.X.X.X.X..X.X.X.X.X.X.X.X.X.X.X
..................................
X.X.X.X.X.X..X.X.X.X.X.X.X.X.X.X.X
X.X.X.X.X.X..X.X.X.X.X.X.X.X.X.X.X
X.X.X.X.X.X..X.X.X.X.X.X.X.X.X.X.X
X.X.X.X.X.X..X.X.X.X.X.X.X.X.X.X.X
X.X.X.X.X.X..X.X.X.X.X.X.X.X.X.X.X
..................................
X.X.X.X.X.X..X.X.X.X.X.X.X.X.X.X.X
X.X.X.X.X.X..X.X.X.X.X.X.X.X.X.X.X
X.X.X.X.X.X..X.X.X.X.X.X.X.X.X.X.X
X.X.X.X.X.X..X.X.X.X.X.X.X.X.X.X.X
X.X.X.X.X.X..X.X.X.X.X.X.X.X.X.X.X
..................................
XXXXX.XXXXX.XXXXX.XXXXX.XXXXX.....
X.X.X
X.X.X
X.X.X
X.X.X
.....
X.X.X
X.X.X
X.X.X
X.X.X
.....
X.X.X
X.X.X
X.X.X
X.X.X
.....
XXXX.
.....
XXXX.
XXXXXX..X.X
........X.X
XXXXXX..X.X
........X.X
XXXXXX..X.X
........X.X
X.X........
X.X..XXXXXX
X.X........
X.X..XXXXXX
X.X........
X.X..XXXXXX
...........
X.X.X.X.X.X
X.X.X.X.X.X
X.X.X.X.X.X
X.X.X.X.X.X
X.X.X.X.X.X
X.X.X.X.X.X
...........
X.X.X.X.X.X
X.X.X.X.X.X
X.X.X.X.X.X
X.X.X.X.X.X
X.X.X.X.X.X
X.X.X.X.X.X
...........
X.X.X.X.X.X
X.X.X.X.X.X
X.X.X.X.X.X
X.X.X.X.X.X
X.X.X.X.X.X
X.X.X.X.X.X
X.X.X.X.X.X.X.X.X.X.X.X.X.X.X.X
X.X.X.X.X.X.X.X.X.X.X.X.X.X.X.X
X.X.X.X.X.X.X.X.X.X.X.X.X.X.X.X
X.X.X.X.X.X.X.X.X.X.X.X.X.X.X.X
...............................
X.X.X.X.X.X.X.X.X.X.X.X.X.X.X.X
X.X.X.X.X.X.X.X.X.X.X.X.X.X.X.X
X.X.X.X.X.X.X.X.X.X.X.X.X.X.X.X
X.X.X.X.X.X.X.X.X.X.X.X.X.X.X.X
X.X.X.X.X.X.X.X.X.X.X.X.
X.X.X.X.X.X.X.X.X.X.X.X.
X.X.X.X.X.X.X.X.X.X.X.X.
X.X.X.X.X.X.X.X.X.X.X.X.
X.X.X.X.X.X.X.X.X.X.X.X.
X.X.X.X.X.X.X.X.X.X.X.X.
X.X.X.X.X.X.X.X.X.X.X.X.
........................
X.X.X.X.X.X.X.X.X.X.X.X.
X.X.X.X.X.X.X.X.X.X.X.X.
X.X.X.X.X.X.X.X.X.X.X.X.
X.X.X.X.X.X.X.X.X.X.X.X.
X.X.X.X.X.X.X.X.X.X.X.X.
X.X.X.X.X.X.X.X.X.X.X.X.
X.X.X.X.X.X.X.X.X.X.X.X.
........................
........................
XXXXXXX.XXXXXXX..X.X.X.X
.................X.X.X.X
XXXXXXX.XXXXXXX..X.X.X.X
.................X.X.X.X
XXXXXXX.XXXXXXX..X.X.X.X
.................X.X.X.X
XXXXXXX.XXXXXXX..X.X.X.X
........................
XXXXXXX.XXXXXXX..XXXXXXX
........................
XXXXXXX.XXXXXXX.XXXXXXX.
X.X.X.X.X.X.X.X.X..X.X.X.X.X.X.X.X.X.X
X.X.X.X.X.X.X.X.X..X.X.X.X.X.X.X.X.X.X
X.X.X.X.X.X.X.X.X..X.X.X.X.X.X.X.X.X.X
X.X.X.X.X.X.X.X.X..X.X.X.X.X.X.X.X.X.X
X.X.X.X.X.X.X.X.X..X.X.X.X.X.X.X.X.X.X
......................................
X.X.X.X.X.X.X.X.X..X.X.X.X.X.X.X.X.X.X
X.X.X.X.X.X.X.X.X..X.X.X.X.X.X.X.X.X.X
X.X.X.X.X.X.X.X.X..X.X.X.X.X.X.X.X.X.X
X.X.X.X.X.X.X.X.X..X.X.X.X.X.X.X.X.X.X
X.X.X.X.X.X.X.X.X..X.X.X.X.X.X.X.X.X.X
......................................
...................X.X.X.X.X.X.X.X.X.X
X.X.X.X.X.X..X.X.X.X.X.X.X.X.X.X.X.X.X
X.X.X.X.X.X..X.X.X.X.X.X.X.X.X.X.X.X.X
X.X.X.X.X.X..X.X.X.X.X.X.X.X.X.X.X.X.X
X.X.X.X.X.X..X.X.X.X.X.X.X.X.X.X.X.X.X
X.X.X.X.X.X..X.X.X....................
......................................
X.X.X.X.X.X..X.X.X.X.X.X.X.X.X.X.X.X.X
X.X.X.X.X.X..X.X.X.X.X.X.X.X.X.X.X.X.X
X.X.X.X.X.X..X.X.X.X.X.X.X.X.X.X.X.X.X
X.X.X.X.X.X..X.X.X.X.X.X.X.X.X.X.X.X.X
X.X.X.X.X.X..X.X.X.X.X.X.X.X.X.X.X.X.X
......................................
X.X.X.X.X.X..X.X.X.X.X.X.X.X.X.X.X.X.X
X.X.X.X.X.X..X.X.X.X.X.X.X.X.X.X.X.X.X
X.X.X.X.X.X..X.X.X.X.X.X.X.X.X.X.X.X.X
X.X.X.X.X.X..X.X.X.X.X.X.X.X.X.X.X.X.X
X.X.X.X.X.X..X.X.X.X.X.X.X.X.X.X.X.X.X
......................................
X.X.X.X.X.X.X.X.X.X.X.X.X.X.X.X.X.X.X.
X.X.X.X.X.X.X.X.X.X.X.X.X.X.X.X.X.X.X.
X.X.X.X.X.X.X.X.X.X.X.X.X.X.X.X.X.X.X.
X.X.X.X.X.X.X.X.X.X.X.X.X.X.X.X.X.X.X.
X.X.X.X.X.X.X.X.X.X.X.X.X.X.X.X.X.X.X.
XX.XX.XX
........
XX.XX.XX
........
XX.XX.XX
........
XX.XX.XX
........
XX.XX.XX
........
XX.XX.XX
........
XX.XX.XX
........
XX.XX.XX
........
XX.XX.XX
........
XX.XX.XX
........
XX.XX.XX
........
XX.XX.XX
........
XX.XX.XX
........
XX.XX.XX
........
XX.XX.XX
........
XX.XX.XX
XXXXXX.XXXXXX.XXXXXX..X.X
......................X.X
XXXXXX.XXXXXX.XXXXXX..X.X
......................X.X
XXXXXX.XXXXXX.XXXXXX..X.X
......................X.X
XXXXXX.XXXXXX.XXXXXX.....
.........................
X.X.X.X.X.X.X.X.X.X.X.X.X
X.X.X.X.X.X.X.X.X.X.X.X.X
X.X.X.X.X.X.X.X.X.X.X.X.X
X.X.X.X.X.X.X.X.X.X.X.X.X
X.X.X.X.X.X.X.X.X.X.X.X.X
X.X.X.X.X.X.X.X.X.X.X.X.X
.........................
X.X.X.X.X.X.X.X.X.X.X.X.X
X.X.X.X.X.X.X.X.X.X.X.X.X
X.X.X.X.X.X.X.X.X.X.X.X.X
X.X.X.X.X.X.X.X.X.X.X.X.X
X.X.X.X.X.X.X.X.X.X.X.X.X
X.X.X.X.X.X.X.X.X.X.X.X.X
.........................
X.X.X.X.X.X.X.X.X.X.X.X.X
X.X.X.X.X.X.X.X.X.X.X.X.X
X.X.X.X.X.X.X.X.X.X.X.X.X
X.X.X.X.X.X.X.X.X.X.X.X.X
X.X.X.X.X.X.X.X.X.X.X.X.X
X.X.X.X.X.X.X.X.X.X.X.X.X
XXXXXX.XXXXXX.XXXXXX.X.X.X.X
.....................X.X.X.X
XXXXXX.XXXXXX.XXXXXX.X.X.X.X
.....................X.X.X.X
XXXXXX.XXXXXX.XXXXXX.X.X.X.X
.....................X.X.X.X
XXXXXX.XXXXXX.XXXXXX........
.....................X.X.X.X
XXXXXX.XXXXXX.XXXXXX.X.X.X.X
.....................X.X.X.X
XXXXXX.XXXXXX.XXXXXX.X.X.X.X
.....................X.X.X.X
XXXXXX.XXXXXX.XXXXXX.X.X.X.X
............................
X.X.X.X.X.X.X.X.X.X..X.X.X.X
X.X.X.X.X.X.X.X.X.X..X.X.X.X
X.X.X.X.X.X.X.X.X.X..X.X.X.X
X.X.X.X.X.X.X.X.X.X..X.X.X.X
X.X.X.X.X.X.X.X.X.X..X.X.X.X
X.X.X.X.X.X.X.X.X.X..X.X.X.X
............................
X.X.X.X.X.X.X.XXXXXX.X.X.X.X
X.X.X.X.X.X.X........X.X.X.X
X.X.X.X.X.X.X.XXXXXX.X.X.X.X
X.X.X.X.X.X.X........X.X.X.X
X.X.X.X.X.X.X.XXXXXX.X.X.X.X
X.X.X.X.X.X.X........X.X.X.X
..............XXXXXX........
X.X.X.X.X.X.X........X.X.X.X
X.X.X.X.X.X.X.XXXXXX.X.X.X.X
X.X.X.X.X.X.X........X.X.X.X
X.X.X.X.X.X.X.XXXXXX.X.X.X.X
X.X.X.X.X.X.X........X.X.X.X
X.X.X.X.X.X.X.XXXXXX.X.X.X.X
X.X.X.X.X.X.X.X.X
.................
X.X.X.X.X.X.X.X.X
.................
X.X.X.X.X.X.X.X.X
.................
X.X.X.X.X.X.X.X.X
.................
X.X.X.X.X.X.X.X.X
.................
X.X.X.X.X.X.X.X.X
.................
X.X.X.X.X.X.X.X.X
.................
X.X.X.X.X.X.X.X.X
.................
X.X.X.X.X.X.X.X.X
.................
X.X.X.X.X.X.X.X.X
.................
X.X.X.X.X.X.X.X.X
.................
X.X.X.X.X.X.X.X.X
.................
X.X.X.X.X.X.X.X.X
.................
X.X.X.X.X.X.X.X.X
X.X.X.X.X
X.X.X.X.X
X.X.X.X.X
X.X.X.X.X
X.X.X.X.X
X.X.X.X.X
X.X.X.X.X
.........
X.X.X.X.X
X.X.X.X.X
X.X.X.X.X
X.X.X.X.X
X.X.X.X.X
X.X.X.X.X
X.X.X.X.X
.........
XXXXXXX..
.........
XXXXXXX..
X.X.X.X.X.X.X.X.X.X.X
X.X.X.X.X.X.X.X.X.X.X
X.X.X.X.X.X.X.X.X.X.X
X.X.X.X.X.X.X.X.X.X.X
X.X.X.X.X.X.X.X.X.X.X
X.X.X.X.X.X.X.X.X.X.X
X.X.X.X.X.X.X.X.X.X.X
.....................
X.X.X.X.X.X.X.X.X.X.X
X.X.X.X.X.X.X.X.X.X.X
X.X.X.X.X.X.X.X.X.X.X
X.X.X.X.X.X.X.X.X.X.X
X.X.X.X.X.X.X.X.X.X.X
X.X.X.X.X.X.X.X.X.X.X
X.X.X.X.X.X.X.X.X.X.X
.....................
.....................
XXXXXXX.XXXXXXX......
X.X.X.X.X.X.X.X.X.X.X.X.X.X.X.X
...............................
X.X.X.X.X.X.X.X.X.X.X.X.X.X.X.X
...............................
...............................
X.X.X.X.X.X.X.X.X.X.X.X.X.X.X.X
...............................
X.X.X.X.X.X.X.X.X.X.X.X.X.X.X.X
...............................
X.X.X.X.X.X.X.X.X.X.X.X.X.X.X.X
...............................
X.X.X.X.X.X.X.X.X.X.X.X.X.X.X.X
...............................
X.X.X.X.X.X.X.X.X.X.X.X.X.X.X.X
...............................
X.X.X.X.X.X.X.X.X.X.X.X.X.X.X.X
...............................
X.X.X.X.X.X.X.X.X.X.X.X.X.X.X.X
...............................
X.X.X.X.X.X.X.X.X.X.X.X.X.X.X.X
...............................
X.X.X.X.X.X.X.X.X.X.X.X.X.X.X.X
XX.XX.XX.X.X.X.X.X.X.X.X.X.X.X.X
.........X.X.X.X.X.X.X.X.X.X.X.X
XX.XX.XX........................
.........X.X.X.X.X.X.X.X.X.X.X.X
XX.XX.XX.X.X.X.X.X.X.X.X.X.X.X.X
................................
X.X.X..X.X.X.X.X.X.X.X.X.X.X.X.X
X.X.X..X.X.X.X.X.X.X.X.X.X.X.X.X
................................
XX.XX.XX.XX.XX.XX.XX.XX.XX.XX.XX
................................
XX.XX.XX.XX.XX.XX.XX.XX.XX.XX.XX
................................
XX.XX.XX.XX.XX.XX.XX.XX.XX.XX.XX
................................
XX.XX.XX.XX.XX.XX.XX.XX.XX.XX.XX
................................
XX.XX.XX.XX.XX.XX.XX.XX.XX.XX.XX
................................
XX.XX.XX.XX.XX.XX.XX.XX.XX.XX.XX
................................
XX.XX.XX.XX.XX.XX.XX.XX.XX.XX.XX
XXXX.X.X.X.X.X.X.X
.....X.X.X.X.X.X.X
X.X..X.X.X.X.X.X.X
X.X..X.X.X.X.X.X.X
X.X...............
X.X.XXXX.XXXX.XXXX
X.X.X
X.X.X
.....
X.X.X
X.X.X
.....
X.X.X
X.X.X
.....
X.X.X
X.X.X
.....
X.X.X
X.X.X
.....
X.X.X
X.X.X
.....
XX.XX
XXXXXX.XXXXXX.XXXXXX.X.X.X.XXXXXX
.....................X.X.X.......
XXXXXX.XXXXXX.XXXXXX.X.X.X.XXXXXX
.....................X.X.X.......
XXXXXX.XXXXXX.XXXXXX.X.X.X.XXXXXX
.....................X.X.X.......
XXXXXX.XXXXXX.XXXXXX.......XXXXXX
.....................X.X.X.......
XXXXXX.XXXXXX.XXXXXX.X.X.X.XXXXXX
.....................X.X.X.......
X.X.X.X.X.X.X.X.X.X..X.X.X.XXXXXX
X.X.X.X.X.X.X.X.X.X..X.X.X.......
X.X.X.X.X.X.X.X.X.X..X.X.X.XXXXXX
X.X.X.X.X.X.X.X.X.X..............
X.X.X.X.X.X.X.X.X.X.XXXXXX.XXXXXX
X.X.X.X.X.X.X.X.X.X..............
....................XXXXXX.XXXXXX
X.X.X.X.X.X.X.X.X.X..............
X.X.X.X.X.X.X.X.X.X.XXXXXX.XXXXXX
X.X.X.X.X.X.X.X.X.X..............
X.X.X.X.X.X.X.X.X.X.XXXXXX.XXXXXX
X.X.X.X.X.X.X.X.X.X..............
X.X.X.X.X.X.X.X.X.X.XXXXXX.XXXXXX
.................................
X.X.X.X.X.X.X.X.X.X.X.X.X.X.X.X.X
X.X.X.X.X.X.X.X.X.X.X.X.X.X.X.X.X
X.X.X.X.X.X.X.X.X.X.X.X.X.X.X.X.X
X.X.X.X.X.X.X.X.X.X.X.X.X.X.X.X.X
X.X.X.X.X.X.X.X.X.X.X.X.X.X.X.X.X
X.X.X.X.X.X.X.X.X.X.X.X.X.X.X.X.X
X.X.X.X.X.X.X.X.X.X
X.X.X.X.X.X.X.X.X.X
X.X.X.X.X.X.X.X.X.X
...................
X.X.X.X.X.X.X.X.X.X
X.X.X.X.X.X.X.X.X.X
X.X.X.X.X.X.X.X.X.X
...................
XXX.XXX.XXX.XXX.XXX
...................
XXX.XXX.XXX.XXX.XXX
...................
XXX.XXX.XXX.XXX.XXX
...................
XXX.XXX.XXX.XXX.XXX
...................
XXX.XXX.XXX.XXX.XXX
...................
XXX.XXX.XXX.XXX.XXX
...................
XXX.XXX.XXX.XXX.XXX
...................
XXX.XXX.XXX.XXX.XXX
...................
XXX.XXX.XXX.XXX.XXX
...................
XXX.XXX.XXX.XXX.XXX
...................
XXX.XXX.XXX.XXX.XXX
...................
XXX.XXX.XXX.XXX.XXX
...................
XXX.XXX.XXX.XXX.XXX
...................
XXX.XXX.XXX.XXX.XXX
...................
XXX.XXX.XXX.XXX.XXX
X.X.X
X.X.X
X.X.X
.....
X.X.X
X.X.X
X.X.X
.....
X.X.X
X.X.X
X.X.X
.....
X.X.X
X.X.X
X.X.X
.....
X.X.X
X.X.X
X.X.X
.....
XXX..
X.X.X.X.X.X.X.X.X.X
X.X.X.X.X.X.X.X.X.X
...................
X.X.X.X.X.X.X.X.X.X
X.X.X.X.X.X.X.X.X.X
...................
X.X.X.X.X.X.X.X.X.X
X.X.X.X.X.X.X.X.X.X
...................
X.X.X.X.X.X.X.X.X.X
X.X.X.X.X.X.X.X.X.X
...................
X.X.X.X.X.X.X.X.X.X
X.X.X.X.X.X.X.X.X.X
...................
X.X.X.X.X.X.X.X.X.X
X.X.X.X.X.X.X.X.X.X
X.X.X.X.X.X.X.X.X.X.X.X.X.X.X.X.X.X
...................................
X.X.X.X.X.X.X.X.X.X.X.X.X.X.X.X.X.X
...................................
X.X.X.X.X.X.X.X.X.X.X.X.X.X.X.X.X.X
...................................
X.X.X.X.X.X.X.X.X.X.X.X.X.X.X.X.X.X
...................................
X.X.X.X.X.X.X.X.X.X.X.X.X.X.X.X.X.X
...................................
X.X.X.X.X.X.X.X.X.X.X.X.X.X.X.X.X.X
...................................
X.X.X.X.X.X.X.X.X.X.X.X.X.X.X.X.X.X
...................................
X.X.X.X.X.X.X.X.X.X.X.X.X.X.X.X.X.X
X.X.X..X.X.X.X.X.X.X.X.X.X.X.X.X.X
..................................
X.X.X..X.X.X.X.X.X.X.X.X.X.X.X.X.X
..................................
.......X.X.X.X.X.X.X.X.X.X.X.X.X.X
X.X..X............................
XXXX.XXXX
.........
XXXX.XXXX
.........
XXXX.XXXX
.........
X.X.X.X.X
X.X.X.X.X
X.X.X.X.X
X.X.X.X.X
XXXXXX.X
.......X
XXXXXX.X
.......X
XXXXXX.X
.......X
XXXXXX..
.......X
XXXXXX.X
.......X
XXXXXX.X
.......X
XXXXXX.X
........
XXXXXX.X
.......X
XXXXXX.X
.......X
XXXXXX.X
.......X
XXXXXX..
X.X.X.X.X.X.X
X.X.X.X.X.X.X
X.X.X.X.X.X.X
.............
XXXXXXX.X.X.X.
........X.X.X.
XXXXXXX.X.X.X.
........X.X.X.
XXXXXXX.X.X.X.
........X.X.X.
X.X.X...X.X.X.
X.X.X.........
X.X.X.XXXXXXX.
X.X.X.........
X.X.X.XXXXXXX.
X.X.X.........
X.X.X.XXXXXXX.
X.X.X..X.X.X.X.X.X.X.X.X.X.X
............................
X.X.X..X.X.X.X.X.X.X.X.X.X.X
............................
X.X..X.X.X.X.X.X.X.X.X.X.X.X
............................
X.X..X.X.X.X.X.X.X.X.X.X.X.X
............................
X.X.X.X.X.X.X.X.X.X.X.X.X.X.
X.X.X.X.X.X.X.X.X.X.X
X.X.X.X.X.X.X.X.X.X.X
X.X.X.X.X.X.X.X.X.X.X
.....................
X.X.X.X.X.X.X.X.X.X.X
X.X.X.X.X.X.X.X.X.X.X
X.X.X.X.X.X.X.X.X.X.X
.....................
.....................
X.X.X.X.X.X.X.X.X.X.X
X.X.X.X.X.X.X.X.X.X.X
X.X.X.X.X.X.X.X.X.X.X
.....................
X.X.X.X.X.X.X.X.X.X.X
X.X.X.X.X.X.X.X.X.X.X
X.X.X.X.X.X.X.X.X.X.X
.....................
X.X.X.X.X.X.X.X.X.X.X
X.X.X.X.X.X.X.X.X.X.X
X.X.X.X.X.X.X.X.X.X.X
.....................
X.X.X.X.X.X.X.X.X.X.X
X.X.X.X.X.X.X.X.X.X.X
X.X.X.X.X.X.X.X.X.X.X
X.X.X.X.X.X..X.X
X.X.X.X.X.X..X.X
X.X.X.X.X.X..X.X
................
X.X.X.X.X.X..X.X
X.X.X.X.X.X..X.X
X.X.X.X.X.X..X.X
................
XXX.XXX..X.X.X.X
.........X.X.X.X
XXX.XXX..X.X.X.X
................
XXX.XXX..XXX.XXX
................
XXX.XXX.XXX.XXX.
X.X.X.X.X.X.X.X.X.X.X
X.X.X.X.X.X.X.X.X.X.X
X.X.X.X.X.X.X.X.X.X.X
X.X.X.X.X.X.X.X.X.X.X
X.X.X.X.X.X.X.X.X.X.X
.....................
X.X.X.X.X.X.X.X.X.X.X
X.X.X.X.X.X.X.X.X.X.X
X.X.X.X.X.X.X.X.X.X.X
X.X.X.X.X.X.X.X.X.X.X
X.X.X.X.X.X.X.X.X.X.X
.....................
.....................
XXXXX.XXXXX..XXXXX...
.....................
X.X.X.X.X.X.X.X.X.X.X
X.X.X.X.X.X.X.X.X.X.X
X.X.X.X.X.X.X.X.X.X.X
X.X.X.X.X.X.X.X.X.X.X
X.X.X.X.X.X.X.X.X.X.X
XXXX.XXXX.XXXX.XXXX.XXXX.X.X.X
.........................X.X.X
XXXX.XXXX.XXXX.XXXX.XXXX.X.X.X
.........................X.X.X
XXXX.XXXX.XXXX.XXXX.XXXX......
.........................X.X.X
XXXX.XXXX.XXXX.XXXX.XXXX.X.X.X
.........................X.X.X
XXXX.XXXX.XXXX.XXXX.XXXX.X.X.X
..............................
XXXX.XXXX.XXXX.XXXX.XXXX.X.X.X
.........................X.X.X
XXXX.XXXX.XXXX.XXXX.XXXX.X.X.X
.........................X.X.X
XXXX.XXXX.XXXX.XXXX.XXXX......
.........................X.X.X
XXXX.XXXX.XXXX.XXXX.XXXX.X.X.X
.........................X.X.X
XXXX.XXXX.XXXX.XXXX.XXXX.X.X.X
..............................
XXXX.XXXX.XXXX.XXXX.XXXX.X.X.X
.........................X.X.X
XXXX.XXXX.XXXX.XXXX.XXXX.X.X.X
.........................X.X.X
XXXX.XXXX.XXXX.XXXX.XXXX......
.........................X.X.X
XXXX.XXXX.XXXX.XXXX.XXXX.X.X.X
.........................X.X.X
XXXX.XXXX.XXXX.XXXX.XXXX.X.X.X
..............................
XXXX.XXXX.XXXX.XXXX.XXXX.X.X.X
.........................X.X.X
XXXX.XXXX.XXXX.XXXX.XXXX.X.X.X
.........................X.X.X
XXXX.XXXX.XXXX.XXXX.XXXX......
X.X.X.X.X.X.X.X.X.X.X.X.X.X.X.X.X
X.X.X.X.X.X.X.X.X.X.X.X.X.X.X.X.X
X.X.X.X.X.X.X.X.X.X.X.X.X.X.X.X.X
X.X.X.X.X.X.X.X.X.X.X.X.X.X.X.X.X
X.X.X.X.X.X.X.X.X.X.X.X.X.X.X.X.X
X.X.X.X.X.X.X.X.X.X.X.X.X.X.X.X.X
X.X.X.X.X.X.X.X.X.X.X.X.X.X.X.X.X
XXXXXXX.XXXXXXX.X.X.X.X.X.X.X.XXXXXXX
................X.X.X.X.X.X.X........
XXXXXXX.XXXXXXX.X.X.X.X.X.X.X.XXXXXXX
................X.X.X.X.X.X.X........
XXXXXXX.XXXXXXX.X.X.X.X.X.X.X.XXXXXXX
................X.X.X.X.X.X.X........
XXXXXXX.XXXXXXX.X.X.X.X.X.X.X.XXXXXXX
.....................................
XXXXXXX.XXXXXXX.X.X.X.X.X.X.X.XXXXXXX
................X.X.X.X.X.X.X........
XXXXXXX.XXXXXXX.X.X.X.X.X.X.X.XXXXXXX
................X.X.X.X.X.X.X........
XXXXXXX.XXXXXXX.X.X.X.X.X.X.X.XXXXXXX
................X.X.X.X.X.X.X........
................X.X.X.X.X.X.X.XXXXXXX
X.X.X.X.X.X.X........................
X.X.X.X.X.X.X.................XXXXXXX
X.X.X.X.X.X.X.XXXXXXX.XXXXXXX........
X.X.X.X.X.X.X.................XXXXXXX
X.X.X.X.X.X.X.XXXXXXX.XXXXXXX........
X.X.X.X.X.X.X.................XXXXXXX
X.X.X.X.X.X.X.XXXXXXX.XXXXXXX........
XXXXXXX.X.X.X
........X.X.X
XXXXXXX.X.X.X
........X.X.X
XXXXXXX.X.X.X
........X.X.X
XXXXXXX.X.X.X
.............
XXXXXXX.X.X.X
........X.X.X
XXXXXXX.X.X.X
........X.X.X
XXXXXXX.X.X.X
........X.X.X
X.X.X...X.X.X
X.X.X........
X.X.X.XXXXXXX
X.X.X........
X.X.X.XXXXXXX
X.X.X........
X.X.X.XXXXXXX
.............
X.X.X.X.X.X.X.X.X..X.X
X.X.X.X.X.X.X.X.X..X.X
X.X.X.X.X.X.X.X.X..X.X
X.X.X.X.X.X.X.X.X..X.X
X.X.X.X.X.X.X.X.X..X.X
......................
X.X.X.X.X.X.X.X.X..X.X
X.X.X.X.X.X.X.X.X..X.X
X.X.X.X.X.X.X.X.X..X.X
X.X.X.X.X.X.X.X.X..X.X
X.X.X.X.X.X.X.X.X..X.X
......................
...................X.X
X.X.X.X.X.X..X.X.X.X.X
X.X.X.X.X.X..X.X.X.X.X
X.X.X.X.X.X..X.X.X.X.X
X.X.X.X.X.X..X.X.X.X.X
X.X.X.X.X.X..X.X.X....
......................
X.X.X.X.X.X..X.X.X.X.X
X.X.X.X.X.X..X.X.X.X.X
X.X.X.X.X.X..X.X.X.X.X
X.X.X.X.X.X..X.X.X.X.X
X.X.X.X.X.X..X.X.X.X.X
......................
X.X.X.X.X.X..X.X.X.X.X
X.X.X.X.X.X..X.X.X.X.X
X.X.X.X.X.X..X.X.X.X.X
X.X.X.X.X.X..X.X.X.X.X
X.X.X.X.X.X..X.X.X.X.X
......................
XXXXX.XXXXX.XXXXX.....
XXXX.XXXX.XXXX..XXXX
....................
X.X.X.X.X.X.X.X.XXXX
X.X.X.X.X.X.X.X.....
X.X.X.X.X.X.X.X.XXXX
X.X.X.X.X.X.X.X.....
................XXXX
X.X.X.X.X.X.X.X.....
X.X.X.X.X.X.X.X.XXXX
X.X.X.X.X.X.X.X.....
X.X.X.X.X.X.X.X.XXXX
....................
X.X.X.X.X.X.X.X.XXXX
X.X.X.X.X.X.X.X.....
X.X.X.X.X.X.X.X.XXXX
X.X.X.X.X.X.X.X.....
................XXXX
X.X.X.X.X.X.X.X.....
X.X.X.X.X.X.X.X.XXXX
X.X.X.X.X.X.X.X.....
X.X.X.X.X.X.X.X.XXXX
....................
X.X.X.X.X.X.X.X.XXXX
X.X.X.X.X.X.X.X.....
X.X.X.X.X.X.X.X.XXXX
X.X.X.X.X.X.X.X.....
................XXXX
X.X.X.X.X.X.X.X.....
X.X.X.X.X.X.X.X.XXXX
X.X.X.X.X.X.X.X.....
X.X.X.X.X.X.X.X.XXXX
....................
X.X.X.X.X.X.X.X.XXXX
X.X.X.X.X.X.X.X.....
X.X.X.X.X.X.X.X.XXXX
X.X.X.X.X.X.X.X.....
X.X.X..X
........
X.X.X..X
........
.......X
X.X..X..
X.X.X.
X.X.X.
X.X.X.
X.X.X.
X.X.X.
......
X.X.X.
X.X.X.
X.X.X.
X.X.X.
X.X.X.
......
......
X.X.X.
X.X.X.
X.X.X.
X.X.X.
X.X.X.
......
X.X.X.
X.X.X.
X.X.X.
X.X.X.
X.X.X.
......
X.X.X.
X.X.X.
X.X.X.
X.X.X.
X.X.X.
......
XXXXX.
X.X.
X.X.
X.X.
....
X.X.
X.X.
X.X.
....
XXX.
....
XXX.
XXXX.X.X.X.X.X.X.X.X.X.X.X.X
.....X.X.X.X.X.X.X.X.X.X.X.X
XXXX.X.X.X.X.X.X.X.X.X.X.X.X
.....X.X.X.X.X.X.X.X.X.X.X.X
X.X.........................
X.X.XXXX.XXXX.XXXX.XXXX.XXXX
X.X.........................
X.X.XXXX.XXXX.XXXX.XXXX.XXXX
............................
X.X.XXXX.XXXX.XXXX.XXXX.XXXX
X.X.........................
X.X.XXXX.XXXX.XXXX.XXXX.XXXX
X.X.........................
....XXXX.XXXX.XXXX.XXXX.XXXX
X.X.........................
X.X.XXXX.XXXX.XXXX.XXXX.XXXX
X.X.........................
X.X.XXXX.XXXX.XXXX.XXXX.XXXX
X.X.X.X.X.X.X.X.X..X.X.X.X.X.X.X.X.X.X
X.X.X.X.X.X.X.X.X..X.X.X.X.X.X.X.X.X.X
X.X.X.X.X.X.X.X.X..X.X.X.X.X.X.X.X.X.X
X.X.X.X.X.X.X.X.X..X.X.X.X.X.X.X.X.X.X
X.X.X.X.X.X.X.X.X..X.X.X.X.X.X.X.X.X.X
