X.X.X.X.X
X.X.X.X.X
X.X.X.X.X
.........
X.X.X.X.X
X.X.X.X.X
X.X.X.X.X
.........
XXX.XXX..
X.X.X..X.X.X
............
X.X.X..X.X.X
............
X.X..X.X.X.X
............
X.X..X.X.X.X
............
X.X..X.X.X.X
............
X.X..X.X.X.X
............
X.X..X.X.X.X
............
X.X..X.X.X.X
............
X.X.X.X.X.X.
XXXX.X.X.XXXX
.....X.X.....
XXXX.X.X.XXXX
.....X.X.....
X.X......XXXX
X.X.XXXX.....
X.X......XXXX
X.X.XXXX.....
XXXXXX.XXXXXX
.............
XXXXXX.XXXXXX
.............
XXXXXX.XXXXXX
.............
XXXXXX.XXXXXX
.............
X.X.X.X.X.X.X
X.X.X.X.X.X.X
X.X.X.X.X.X.X
X.X.X.X.X.X.X
X.X.X.X.X.X.X
X.X.X.X.X.X.X
X.X.X.X.X.X.X.X.X
X.X.X.X.X.X.X.X.X
X.X.X.X.X.X.X.X.X
X.X.X.X.X.X.X.X.X
X.X.X.X.X.X.X.X.X
X.X.X.X.X.X.X.X.X
.................
XXXXXX.XXXXXX....
.................
XXXXXX.XXXXXX....
X.X.X.X.X.X.X.X
...............
X.X.X.X.X.X.X.X
...............
X.X.X.X.X.X.X.X
...............
X.X.X.X.X.X.X.X
...............
X.X.X.X.X.X.X.X
X.X.X.X.XXXXXX
X.X.X.X.......
X.X.X.X.XXXXXX
X.X.X.X.......
X.X.X.X.XXXXXX
X.X.X.X.......
........XXXXXX
X.X.X.X.......
X.X.X.X.XXXXXX
X.X.X.X.......
X.X.X.X.XXXXXX
X.X.X.X.......
X.X.X.X.XXXXXX
X.X.X.X.X.X
X.X.X.X.X.X
X.X.X.X.X.X
X.X.X.X.X.X
X.X.X.X.X.X
X.X.X.X.X.X
...........
X.X.X.X.X.X
X.X.X.X.X.X
X.X.X.X.X.X
X.X.X.X.X.X
X.X.X.X.X.X
X.X.X.X.X.X
...........
...........
XXXXXX.....
X.X.X
X.X.X
X.X.X
X.X.X
.....
X.X.X
X.X.X
X.X.X
X.X.X
.....
XXXX.
X.X.X.X.X.X
X.X.X.X.X.X
X.X.X.X.X.X
X.X.X.X.X.X
...........
X.X.X.X.X.X
X.X.X.X.X.X
X.X.X.X.X.X
X.X.X.X.X.X
...........
XXXX.XXXX..
...........
XXXX.XXXX..
