X.X.X.X.X.X.X.X.X.X.X.X.X.X.X.XXXXXX.XXXXXX.XXXXXX.XXXXXX.XXXXXX.XXXXXX.XXXXXX.XXXXXX.XXXXXX.X
X.X.X.X.X.X.X.X.X.X.X.X.X.X.X................................................................X
X.X.X.X.X.X.X.X.X.X.X.X.X.X.X.XXXXXX.XXXXXX.XXXXXX.XXXXXX.XXXXXX.XXXXXX.XXXXXX.XXXXXX.XXXXXX.X
X.X.X.X.X.X.X.X.X.X.X.X.X.X.X................................................................X
X.X.X.X.X.X.X.X.X.X.X.X.X.X.X.XXXXXX.XXXXXX.XXXXXX.XXXXXX.XXXXXX.XXXXXX.XXXXXX.XXXXXX.XXXXXX.X
X.X.X.X.X.X.X.X.X.X.X.X.X.X.X................................................................X
..............................XXXXXX.XXXXXX.XXXXXX.XXXXXX.XXXXXX.XXXXXX.XXXXXX.XXXXXX.XXXXXX..
X.X.X.X.X.X.X.X.X.X.X.X.X.X.X................................................................X
X.X.X.X.X.X.X.X.X.X.X.X.X.X.X.XXXXXX.XXXXXX.XXXXXX.XXXXXX.XXXXXX.XXXXXX.XXXXXX.XXXXXX.XXXXXX.X
X.X.X.X.X.X.X.X.X.X.X.X.X.X.X................................................................X
X.X.X.X.X.X.X.X.X.X.X.X.X.X.X.XXXXXX.XXXXXX.XXXXXX.XXXXXX.XXXXXX.XXXXXX.XXXXXX.XXXXXX.XXXXXX.X
X.X.X.X.X.X.X.X.X.X.X.X.X.X.X................................................................X
X.X.X.X.X.X.X.X.X.X.X.X.X.X.X.XXXXXX.XXXXXX.XXXXXX.XXXXXX.XXXXXX.XXXXXX.XXXXXX.XXXXXX.XXXXXX.X
..............................................................................................
X.X.X.X.X.X.X.X.X.X.X.X.X.X.X.XXXXXX.XXXXXX.XXXXXX.XXXXXX.XXXXXX.XXXXXX.XXXXXX.XXXXXX.XXXXXX.X
X.X.X.X.X.X.X.X.X.X.X.X.X.X.X................................................................X
X.X.X.X.X.X.X.X.X.X.X.X.X.X.X.XXXXXX.XXXXXX.XXXXXX.XXXXXX.XXXXXX.XXXXXX.XXXXXX.XXXXXX.XXXXXX.X
X.X.X.X.X.X.X.X.X.X.X.X.X.X.X................................................................X
X.X.X.X.X.X.X.X.X.X.X.X.X.X.X.XXXXXX.XXXXXX.XXXXXX.XXXXXX.XXXXXX.XXXXXX.XXXXXX.XXXXXX.XXXXXX.X
X.X.X.X.X.X.X.X.X.X.X.X.X.X.X................................................................X
..............................XXXXXX.XXXXXX.XXXXXX.XXXXXX.XXXXXX.XXXXXX.XXXXXX.XXXXXX.XXXXXX..
X.X.X.X.X.X.X.X.X.X.X.X.X.X.X................................................................X
X.X.X.X.X.X.X.X.X.X.X.X.X.X.X.XXXXXX.XXXXXX.XXXXXX.XXXXXX.XXXXXX.XXXXXX.XXXXXX.XXXXXX.XXXXXX.X
X.X.X.X.X.X.X.X.X.X.X.X.X.X.X................................................................X
X.X.X.X.X.X.X.X.X.X.X.X.X.X.X.XXXXXX.XXXXXX.XXXXXX.XXXXXX.XXXXXX.XXXXXX.XXXXXX.XXXXXX.XXXXXX.X
X.X.X.X.X.X.X.X.X.X.X.X.X.X.X................................................................X
X.X.X.X.X.X.X.X.X.X.X.X.X.X.X.XXXXXX.XXXXXX.XXXXXX.XXXXXX.XXXXXX.XXXXXX.XXXXXX.XXXXXX.XXXXXX.X
X.X.X.X.X.X.X.X.X.X.X.X.X.X.X.X.X.X.X.X.X.X.X.X.X.X.X.X.X.X.X.X.X.X.X.X.X
X.X.X.X.X.X.X.X.X.X.X.X.X.X.X.X.X.X.X.X.X.X.X.X.X.X.X.X.X.X.X.X.X.X.X.X.X
X.X.X.X.X.X.X.X.X.X.X.X.X.X.X.X.X.X.X.X.X.X.X.X.X.X.X.X.X.X.X.X.X.X.X.X.X
X.X.X.X.X.X.X.X.X.X.X.X.X.X.X.X.X.X.X.X.X.X.X.X.X.X.X.X.X.X.X.X.X.X.X.X.X
X.X.X.X.X.X.X.X.X.X.X.X.X.X.X.X.X.X.X.X.X.X.X.X.X.X.X.X.X.X.X.X.X.X.X.X.X
X.X.X.X.X.X.X.X.X.X.X.X.X.X.X.X.X.X.X.X.X.X.X.X.X.X.X.X.X.X.X.X.X.X.X.X.X
X.X.X.X.X.X.X.X.X.X.X.X.X.X.X.X.X.X.X.X.X.X.X.X.X.X.X.X.X.X.X.X.X.X.X.X.X
.........................................................................
X.X.X.X.X.X.X.X.X.X.X.X.X.X.X.X.X.X.X.X.X.X.X.X.X.X.X.X.X.X.X.X.X.X.X.X.X
X.X.X.X.X.X.X.X.X.X.X.X.X.X.X.X.X.X.X.X.X.X.X.X.X.X.X.X.X.X.X.X.X.X.X.X.X
X.X.X.X.X.X.X.X.X.X.X.X.X.X.X.X.X.X.X.X.X.X.X.X.X.X.X.X.X.X.X.X.X.X.X.X.X
X.X.X.X.X.X.X.X.X.X.X.X.X.X.X.X.X.X.X.X.X.X.X.X.X.X.X.X.X.X.X.X.X.X.X.X.X
X.X.X.X.X.X.X.X.X.X.X.X.X.X.X.X.X.X.X.X.X.X.X.X.X.X.X.X.X.X.X.X.X.X.X.X.X
X.X.X.X.X.X.X.X.X.X.X.X.X.X.X.X.X.X.X.X.X.X.X.X.X.X.X.X.X.X.X.X.X.X.X.X.X
X.X.X.X.X.X.X.X.X.X.X.X.X.X.X.X.X.X.X.X.X.X.X.X.X.X.X.X.X.X.X.X.X.X.X.X.X
.........................................................................
X.X.X.X.X.X.X.X.X.X.X.X.X.X.X.X.X.X.X.X.X.X.X.X.X.X.X.X.X.X.X.X.X.X.X.X.X
X.X.X.X.X.X.X.X.X.X.X.X.X.X.X.X.X.X.X.X.X.X.X.X.X.X.X.X.X.X.X.X.X.X.X.X.X
X.X.X.X.X.X.X.X.X.X.X.X.X.X.X.X.X.X.X.X.X.X.X.X.X.X.X.X.X.X.X.X.X.X.X.X.X
X.X.X.X.X.X.X.X.X.X.X.X.X.X.X.X.X.X.X.X.X.X.X.X.X.X.X.X.X.X.X.X.X.X.X.X.X
X.X.X.X.X.X.X.X.X.X.X.X.X.X.X.X.X.X.X.X.X.X.X.X.X.X.X.X.X.X.X.X.X.X.X.X.X
X.X.X.X.X.X.X.X.X.X.X.X.X.X.X.X.X.X.X.X.X.X.X.X.X.X.X.X.X.X.X.X.X.X.X.X.X
X.X.X.X.X.X.X.X.X.X.X.X.X.X.X.X.X.X.X.X.X.X.X.X.X.X.X.X.X.X.X.X.X.X.X.X.X
.........................................................................
.........................................................................
X.X.X.X.X.X.X.X.X.X.X.X.X.X.X.X.X.X.X.X.X.X.X.X.X.X.X.X.X.X.X.X.X.X.X.X.X
X.X.X.X.X.X.X.X.X.X.X.X.X.X.X.X.X.X.X.X.X.X.X.X.X.X.X.X.X.X.X.X.X.X.X.X.X
X.X.X.X.X.X.X.X.X.X.X.X.X.X.X.X.X.X.X.X.X.X.X.X.X.X.X.X.X.X.X.X.X.X.X.X.X
X.X.X.X.X.X.X.X.X.X.X.X.X.X.X.X.X.X.X.X.X.X.X.X.X.X.X.X.X.X.X.X.X.X.X.X.X
X.X.X.X.X.X.X.X.X.X.X.X.X.X.X.X.X.X.X.X.X.X.X.X.X.X.X.X.X.X.X.X.X.X.X.X.X
X.X.X.X.X.X.X.X.X.X.X.X.X.X.X.X.X.X.X.X.X.X.X.X.X.X.X.X.X.X.X.X.X.X.X.X.X
X.X.X.X.X.X.X.X.X.X.X.X.X.X.X.X.X.X.X.X.X.X.X.X.X.X.X.X.X.X.X.X.X.X.X.X.X
.........................................................................
X.X.X.X.X.X.X.X.X.X.X.X.X.X.X.X.X.X.X.X.X.X.X.X.X.X.X.X.X.X.X.X.X.X.X.X.X
X.X.X.X.X.X.X.X.X.X.X.X.X.X.X.X.X.X.X.X.X.X.X.X.X.X.X.X.X.X.X.X.X.X.X.X.X
X.X.X.X.X.X.X.X.X.X.X.X.X.X.X.X.X.X.X.X.X.X.X.X.X.X.X.X.X.X.X.X.X.X.X.X.X
X.X.X.X.X.X.X.X.X.X.X.X.X.X.X.X.X.X.X.X.X.X.X.X.X.X.X.X.X.X.X.X.X.X.X.X.X
X.X.X.X.X.X.X.X.X.X.X.X.X.X.X.X.X.X.X.X.X.X.X.X.X.X.X.X.X.X.X.X.X.X.X.X.X
X.X.X.X.X.X.X.X.X.X.X.X.X.X.X.X.X.X.X.X.X.X.X.X.X.X.X.X.X.X.X.X.X.X.X.X.X
X.X.X.X.X.X.X.X.X.X.X.X.X.X.X.X.X.X.X.X.X.X.X.X.X.X.X.X.X.X.X.X.X.X.X.X.X
.........................................................................
X.X.X.X.X.X.X.X.X.X.X.X.X.X.X.X.X.X.X.X.X.X.X.X.X.X.X.X.X.X.X.X.X.X.X.X.X
X.X.X.X.X.X.X.X.X.X.X.X.X.X.X.X.X.X.X.X.X.X.X.X.X.X.X.X.X.X.X.X.X.X.X.X.X
X.X.X.X.X.X.X.X.X.X.X.X.X.X.X.X.X.X.X.X.X.X.X.X.X.X.X.X.X.X.X.X.X.X.X.X.X
X.X.X.X.X.X.X.X.X.X.X.X.X.X.X.X.X.X.X.X.X.X.X.X.X.X.X.X.X.X.X.X.X.X.X.X.X
X.X.X.X.X.X.X.X.X.X.X.X.X.X.X.X.X.X.X.X.X.X.X.X.X.X.X.X.X.X.X.X.X.X.X.X.X
X.X.X.X.X.X.X.X.X.X.X.X.X.X.X.X.X.X.X.X.X.X.X.X.X.X.X.X.X.X.X.X.X.X.X.X.X
X.X.X.X.X.X.X.X.X.X.X.X.X.X.X.X.X.X.X.X.X.X.X.X.X.X.X.X.X.X.X.X.X.X.X.X.X
.........................................................................
X.X.X.X.X.X.X.X.X.X.X.X.X.X.X.X.X.X.X.X.X.X.X.X.X.X.X.X.X.X.X.X.X.X.X.X.X
X.X.X.X.X.X.X.X.X.X.X.X.X.X.X.X.X.X.X.X.X.X.X.X.X.X.X.X.X.X.X.X.X.X.X.X.X
X.X.X.X.X.X.X.X.X.X.X.X.X.X.X.X.X.X.X.X.X.X.X.X.X.X.X.X.X.X.X.X.X.X.X.X.X
X.X.X.X.X.X.X.X.X.X.X.X.X.X.X.X.X.X.X.X.X.X.X.X.X.X.X.X.X.X.X.X.X.X.X.X.X
X.X.X.X.X.X.X.X.X.X.X.X.X.X.X.X.X.X.X.X.X.X.X.X.X.X.X.X.X.X.X.X.X.X.X.X.X
X.X.X.X.X.X.X.X.X.X.X.X.X.X.X.X.X.X.X.X.X.X.X.X.X.X.X.X.X.X.X.X.X.X.X.X.X
X.X.X.X.X.X.X.X.X.X.X.X.X.X.X.X.X.X.X.X.X.X.X.X.X.X.X.X.X.X.X.X.X.X.X.X.X
.........................................................................
X.X.X.X.X.X.X.X.X.X.X.X.X.X.X.X.X.X.X.X.X.X.X.X.X.X.X.X.X.X.X.X.X.X.X.X.X
X.X.X.X.X.X.X.X.X.X.X.X.X.X.X.X.X.X.X.X.X.X.X.X.X.X.X.X.X.X.X.X.X.X.X.X.X
X.X.X.X.X.X.X.X.X.X.X.X.X.X.X.X.X.X.X.X.X.X.X.X.X.X.X.X.X.X.X.X.X.X.X.X.X
X.X.X.X.X.X.X.X.X.X.X.X.X.X.X.X.X.X.X.X.X.X.X.X.X.X.X.X.X.X.X.X.X.X.X.X.X
X.X.X.X.X.X.X.X.X.X.X.X.X.X.X.X.X.X.X.X.X.X.X.X.X.X.X.X.X.X.X.X.X.X.X.X.X
X.X.X.X.X.X.X.X.X.X.X.X.X.X.X.X.X.X.X.X.X.X.X.X.X.X.X.X.X.X.X.X.X.X.X.X.X
X.X.X.X.X.X.X.X.X.X.X.X.X.X.X.X.X.X.X.X.X.X.X.X.X.X.X.X.X.X.X.X.X.X.X.X.X
.........................................................................
X.X.X.X.X.X.X.X.X.X.X.X.X.X.X.X.X.X.X.X.X.X.X.X.X.X.X.X.X.X.X.X.X.X.X.X.X
X.X.X.X.X.X.X.X.X.X.X.X.X.X.X.X.X.X.X.X.X.X.X.X.X.X.X.X.X.X.X.X.X.X.X.X.X
X.X.X.X.X.X.X.X.X.X.X.X.X.X.X.X.X.X.X.X.X.X.X.X.X.X.X.X.X.X.X.X.X.X.X.X.X
X.X.X.X.X.X.X.X.X.X.X.X.X.X.X.X.X.X.X.X.X.X.X.X.X.X.X.X.X.X.X.X.X.X.X.X.X
X.X.X.X.X.X.X.X.X.X.X.X.X.X.X.X.X.X.X.X.X.X.X.X.X.X.X.X.X.X.X.X.X.X.X.X.X
X.X.X.X.X.X.X.X.X.X.X.X.X.X.X.X.X.X.X.X.X.X.X.X.X.X.X.X.X.X.X.X.X.X.X.X.X
X.X.X.X.X.X.X.X.X.X.X.X.X.X.X.X.X.X.X.X.X.X.X.X.X.X.X.X.X.X.X.X.X.X.X.X.X
.........................................................................
X.X.X.X.X.X.X.X.X.X.X.X.X.X.X.X.X.X.X.X.X.X.X.X.X.X.X.X.X.X.X.X.X.X.X.X.X
X.X.X.X.X.X.X.X.X.X.X.X.X.X.X.X.X.X.X.X.X.X.X.X.X.X.X.X.X.X.X.X.X.X.X.X.X
X.X.X.X.X.X.X.X.X.X.X.X.X.X.X.X.X.X.X.X.X.X.X.X.X.X.X.X.X.X.X.X.X.X.X.X.X
X.X.X.X.X.X.X.X.X.X.X.X.X.X.X.X.X.X.X.X.X.X.X.X.X.X.X.X.X.X.X.X.X.X.X.X.X
X.X.X.X.X.X.X.X.X.X.X.X.X.X.X.X.X.X.X.X.X.X.X.X.X.X.X.X.X.X.X.X.X.X.X.X.X
X.X.X.X.X.X.X.X.X.X.X.X.X.X.X.X.X.X.X.X.X.X.X.X.X.X.X.X.X.X.X.X.X.X.X.X.X
X.X.X.X.X.X.X.X.X.X.X.X.X.X.X.X.X.X.X.X.X.X.X.X.X.X.X.X.X.X.X.X.X.X.X.X.X
.........................................................................
X.X.X.X.X.X.X.X.X.X.X.X.X.X.X.X.X.X.X.X.X.X.X.X.X.X.X.X.X.X.X.X.X.X.X.X.X
X.X.X.X.X.X.X.X.X.X.X.X.X.X.X.X.X.X.X.X.X.X.X.X.X.X.X.X.X.X.X.X.X.X.X.X.X
X.X.X.X.X.X.X.X.X.X.X.X.X.X.X.X.X.X.X.X.X.X.X.X.X.X.X.X.X.X.X.X.X.X.X.X.X
X.X.X.X.X.X.X.X.X.X.X.X.X.X.X.X.X.X.X.X.X.X.X.X.X.X.X.X.X.X.X.X.X.X.X.X.X
X.X.X.X.X.X.X.X.X.X.X.X.X.X.X.X.X.X.X.X.X.X.X.X.X.X.X.X.X.X.X.X.X.X.X.X.X
X.X.X.X.X.X.X.X.X.X.X.X.X.X.X.X.X.X.X.X.X.X.X.X.X.X.X.X.X.X.X.X.X.X.X.X.X
X.X.X.X.X.X.X.X.X.X.X.X.X.X.X.X.X.X.X.X.X.X.X.X.X.X.X.X.X.X.X.X.X.X.X.X.X
.........................................................................
X.X.X.X.X.X.X.X.X.X.X.X.X.X.X.X.X.X.X.X.X.X.X.X.X.X.X.X.X.X.X.X.X.X.X.X.X
X.X.X.X.X.X.X.X.X.X.X.X.X.X.X.X.X.X.X.X.X.X.X.X.X.X.X.X.X.X.X.X.X.X.X.X.X
X.X.X.X.X.X.X.X.X.X.X.X.X.X.X.X.X.X.X.X.X.X.X.X.X.X.X.X.X.X.X.X.X.X.X.X.X
X.X.X.X.X.X.X.X.X.X.X.X.X.X.X.X.X.X.X.X.X.X.X.X.X.X.X.X.X.X.X.X.X.X.X.X.X
X.X.X.X.X.X.X.X.X.X.X.X.X.X.X.X.X.X.X.X.X.X.X.X.X.X.X.X.X.X.X.X.X.X.X.X.X
X.X.X.X.X.X.X.X.X.X.X.X.X.X.X.X.X.X.X.X.X.X.X.X.X.X.X.X.X.X.X.X.X.X.X.X.X
X.X.X.X.X.X.X.X.X.X.X.X.X.X.X.X.X.X.X.X.X.X.X.X.X.X.X.X.X.X.X.X.X.X.X.X.X
X.X.X.X.X.X.X.X.X..X.X.X.X.X.X.X.X.X.X.X.X.X.X
X.X.X.X.X.X.X.X.X..X.X.X.X.X.X.X.X.X.X.X.X.X.X
X.X.X.X.X.X.X.X.X..X.X.X.X.X.X.X.X.X.X.X.X.X.X
..............................................
X.X.X.X.X.X.X.X.X..X.X.X.X.X.X.X.X.X.X.X.X.X.X
X.X.X.X.X.X.X.X.X..X.X.X.X.X.X.X.X.X.X.X.X.X.X
X.X.X.X.X.X.X.X.X..X.X.X.X.X.X.X.X.X.X.X.X.X.X
..............................................
X.X.X.X.X.X.X.X.X..X.X.X.X.X.X.X.X.X.X.X.X.X.X
X.X.X.X.X.X.X.X.X..X.X.X.X.X.X.X.X.X.X.X.X.X.X
X.X.X.X.X.X.X.X.X..X.X.X.X.X.X.X.X.X.X.X.X.X.X
..............................................
X.X.X.X.X.X.X..X.X.X.X.X.X.X.X.X.X.X.X.X.X.X.X
X.X.X.X.X.X.X..X.X.X.X.X.X.X.X.X.X.X.X.X.X.X.X
X.X.X.X.X.X.X..X.X.X.X.X.X.X.X.X.X.X.X.X.X.X.X
..............................................
X.X.X.X.X.X.X..X.X.X.X.X.X.X.X.X.X.X.X.X.X.X.X
X.X.X.X.X.X.X..X.X.X.X.X.X.X.X.X.X.X.X.X.X.X.X
X.X.X.X.X.X.X..X.X.X.X.X.X.X.X.X.X.X.X.X.X.X.X
..............................................
X.X.X.X.X.X.X..X.X.X.X.X.X.X.X.X.X.X.X.X.X.X.X
X.X.X.X.X.X.X..X.X.X.X.X.X.X.X.X.X.X.X.X.X.X.X
X.X.X.X.X.X.X..X.X.X.X.X.X.X.X.X.X.X.X.X.X.X.X
..............................................
X.X.X.X.X.X.X..X.X.X.X.X.X.X.X.X.X.X.X.X.X.X.X
X.X.X.X.X.X.X..X.X.X.X.X.X.X.X.X.X.X.X.X.X.X.X
X.X.X.X.X.X.X..X.X.X.X.X.X.X.X.X.X.X.X.X.X.X.X
..............................................
X.X.X.X.X.X.X..X.X.X.X.X.X.X.X.X.X.X.X.X.X.X.X
X.X.X.X.X.X.X..X.X.X.X.X.X.X.X.X.X.X.X.X.X.X.X
X.X.X.X.X.X.X..X.X.X.X.X.X.X.X.X.X.X.X.X.X.X.X
..............................................
X.X.X.X.X.X.X..X.X.X.X.X.X.X.X.X.X.X.X.X.X.X.X
X.X.X.X.X.X.X..X.X.X.X.X.X.X.X.X.X.X.X.X.X.X.X
X.X.X.X.X.X.X..X.X.X.X.X.X.X.X.X.X.X.X.X.X.X.X
..............................................
X.X.X.X.X.X.X..X.X.X.X.X.X.X.X.X.X.X.X.X.X.X.X
X.X.X.X.X.X.X..X.X.X.X.X.X.X.X.X.X.X.X.X.X.X.X
X.X.X.X.X.X.X..X.X.X.X.X.X.X.X.X.X.X.X.X.X.X.X
..............................................
X.X.X.X.X.X.X..X.X.X.X.X.X.X.X.X.X.X.X.X.X.X.X
X.X.X.X.X.X.X..X.X.X.X.X.X.X.X.X.X.X.X.X.X.X.X
X.X.X.X.X.X.X..X.X.X.X.X.X.X.X.X.X.X.X.X.X.X.X
..............................................
X.X.X.X.X.X.X..X.X.X.X.X.X.X.X.X.X.X.X.X.X.X.X
X.X.X.X.X.X.X..X.X.X.X.X.X.X.X.X.X.X.X.X.X.X.X
X.X.X.X.X.X.X..X.X.X.X.X.X.X.X.X.X.X.X.X.X.X.X
..............................................
X.X.X.X.X.X.X..X.X.X.X.X.X.X.X.X.X.X.X.X.X.X.X
X.X.X.X.X.X.X..X.X.X.X.X.X.X.X.X.X.X.X.X.X.X.X
X.X.X.X.X.X.X..X.X.X.X.X.X.X.X.X.X.X.X.X.X.X.X
..............................................
X.X.X.X.X.X.X..X.X.X.X.X.X.X.X.X.X.X.X.X.X.X.X
X.X.X.X.X.X.X..X.X.X.X.X.X.X.X.X.X.X.X.X.X.X.X
X.X.X.X.X.X.X..X.X.X.X.X.X.X.X.X.X.X.X.X.X.X.X
..............................................
X.X.X.X.X.X.X..X.X.X.X.X.X.X.X.X.X.X.X.X.X.X.X
X.X.X.X.X.X.X..X.X.X.X.X.X.X.X.X.X.X.X.X.X.X.X
X.X.X.X.X.X.X..X.X.X.X.X.X.X.X.X.X.X.X.X.X.X.X
..............................................
X.X.X.X.X.X.X..X.X.X.X.X.X.X.X.X.X.X.X.X.X.X.X
X.X.X.X.X.X.X..X.X.X.X.X.X.X.X.X.X.X.X.X.X.X.X
X.X.X.X.X.X.X..X.X.X.X.X.X.X.X.X.X.X.X.X.X.X.X
..............................................
X.X.X.X.X.X.X..X.X.X.X.X.X.X.X.X.X.X.X.X.X.X.X
X.X.X.X.X.X.X..X.X.X.X.X.X.X.X.X.X.X.X.X.X.X.X
X.X.X.X.X.X.X..X.X.X.X.X.X.X.X.X.X.X.X.X.X.X.X
..............................................
X.X.X.X.X.X.X..X.X.X.X.X.X.X.X.X.X.X.X.X.X.X.X
X.X.X.X.X.X.X..X.X.X.X.X.X.X.X.X.X.X.X.X.X.X.X
X.X.X.X.X.X.X..X.X.X.X.X.X.X.X.X.X.X.X.X.X.X.X
..............................................
X.X.X.X.X.X.X..X.X.X.X.X.X.X.X.X.X.X.X.X.X.X.X
X.X.X.X.X.X.X..X.X.X.X.X.X.X.X.X.X.X.X.X.X.X.X
X.X.X.X.X.X.X..X.X.X.X.X.X.X.X.X.X.X.X.X.X.X.X
..............................................
X.X.X.X.X.X.X..X.X.X.X.X.X.X.X.X.X.X.X.X.X.X.X
X.X.X.X.X.X.X..X.X.X.X.X.X.X.X.X.X.X.X.X.X.X.X
X.X.X.X.X.X.X..X.X.X.X.X.X.X.X.X.X.X.X.X.X.X.X
XX.XX.XX.XX.XX.XX.XX.XX.XX.XX.XX.XX.XX.XX.X.X
..........................................X.X
XX.XX.XX.XX.XX.XX.XX.XX.XX.XX.XX.XX.XX.XX....
..........................................X.X
XX.XX.XX.XX.XX.XX.XX.XX.XX.XX.XX.XX.XX.XX.X.X
.............................................
XX.XX.XX.XX.XX.XX.XX.XX.XX.XX.XX.XX.XX.XX.X.X
..........................................X.X
XX.XX.XX.XX.XX.XX.XX.XX.XX.XX.XX.XX.XX.XX....
..........................................X.X
XX.XX.XX.XX.XX.XX.XX.XX.XX.XX.XX.XX.XX.XX.X.X
.............................................
X.X.X.X.X.X.X.X.X.X.X.X.X.X.X.X.X.X.X.X.X.X.X
X.X.X.X.X.X.X.X.X.X.X.X.X.X.X.X.X.X.X.X.X.X.X
.............................................
X.X.X.X.X.X.X.X.X.X.X.X.X.X.X.X.X.X.X.X.X.X.X
X.X.X.X.X.X.X.X.X.X.X.X.X.X.X.X.X.X.X.X.X.X.X
.............................................
X.X.X.X.X.X.X.X.X.X.X.X.X.X.X.X.X.X.X.X.X.X.X
X.X.X.X.X.X.X.X.X.X.X.X.X.X.X.X.X.X.X.X.X.X.X
.............................................
X.X.X.X.X.X.X.X.X.X.X.X.X.X.X.X.X.X.X.X.X.X.X
X.X.X.X.X.X.X.X.X.X.X.X.X.X.X.X.X.X.X.X.X.X.X
.............................................
X.X.X.X.X.X.X.X.X.X.X.X.X.X.X.X.X.X.X.X.X.X.X
X.X.X.X.X.X.X.X.X.X.X.X.X.X.X.X.X.X.X.X.X.X.X
.............................................
X.X.X.X.X.X.X.X.X.X.X.X.X.X.X.X.X.X.X.X.X.X.X
X.X.X.X.X.X.X.X.X.X.X.X.X.X.X.X.X.X.X.X.X.X.X
.............................................
X.X.X.X.X.X.X.X.X.X.X.X.X.X.X.X.X.X.X.X.X.X.X
X.X.X.X.X.X.X.X.X.X.X.X.X.X.X.X.X.X.X.X.X.X.X
.............................................
X.X.X.X.X.X.X.X.X.X.X.X.X.X.X.X.X.X.X.X.X.X.X
X.X.X.X.X.X.X.X.X.X.X.X.X.X.X.X.X.X.X.X.X.X.X
.............................................
X.X.X.X.X.X.X.X.X.X.X.X.X.X.X.X.X.X.X.X.X.X.X
X.X.X.X.X.X.X.X.X.X.X.X.X.X.X.X.X.X.X.X.X.X.X
.............................................
X.X.X.X.X.X.X.X.X.X.X.X.X.X.X.X.X.X.X.X.X.X.X
X.X.X.X.X.X.X.X.X.X.X.X.X.X.X.X.X.X.X.X.X.X.X
.............................................
X.X.X.X.X.X.X.X.X.X.X.X.X.X.X.X.X.X.X.X.X.X.X
X.X.X.X.X.X.X.X.X.X.X.X.X.X.X.X.X.X.X.X.X.X.X
.............................................
X.X.X.X.X.X.X.X.X.X.X.X.X.X.X.X.X.X.X.X.X.X.X
X.X.X.X.X.X.X.X.X.X.X.X.X.X.X.X.X.X.X.X.X.X.X
.............................................
X.X.X.X.X.X.X.X.X.X.X.X.X.X.X.X.X.X.X.X.X.X.X
X.X.X.X.X.X.X.X.X.X.X.X.X.X.X.X.X.X.X.X.X.X.X
.............................................
X.X.X.X.X.X.X.X.X.X.X.X.X.X.X.X.X.X.X.X.X.X.X
X.X.X.X.X.X.X.X.X.X.X.X.X.X.X.X.X.X.X.X.X.X.X
.............................................
X.X.X.X.X.X.X.X.X.X.X.X.X.X.X.X.X.X.X.X.X.X.X
X.X.X.X.X.X.X.X.X.X.X.X.X.X.X.X.X.X.X.X.X.X.X
.............................................
XX.XX.XX.XX.XX.XX.XX.XX.XX.XX.XX.XX.XX.XX.XX.
.............................................
XX.XX.XX.XX.XX.XX.XX.XX.XX.XX.XX.XX.XX.XX.XX.
XX.XX.XX.XX.XX.XX.XX.XX.XX.XX.X.X
..............................X.X
XX.XX.XX.XX.XX.XX.XX.XX.XX.XX....
..............................X.X
XX.XX.XX.XX.XX.XX.XX.XX.XX.XX.X.X
.................................
XX.XX.XX.XX.XX.XX.XX.XX.XX.XX.X.X
..............................X.X
XX.XX.XX.XX.XX.XX.XX.XX.XX.XX....
..............................X.X
XX.XX.XX.XX.XX.XX.XX.XX.XX.XX.X.X
.................................
X.X.X.X.X.X.X.X.X.X.X.X.X.X.X.X.X
X.X.X.X.X.X.X.X.X.X.X.X.X.X.X.X.X
.................................
X.X.X.X.X.X.X.X.X.X.X.X.X.X.X.X.X
X.X.X.X.X.X.X.X.X.X.X.X.X.X.X.X.X
.................................
X.X.X.X.X.X.X.X.X.X.X.X.X.X.X.X.X
X.X.X.X.X.X.X.X.X.X.X.X.X.X.X.X.X
.................................
X.X.X.X.X.X.X.X.X.X.X.X.X.X.X.X.X
X.X.X.X.X.X.X.X.X.X.X.X.X.X.X.X.X
.................................
X.X.X.X.X.X.X.X.X.X.X.X.X.X.X.X.X
X.X.X.X.X.X.X.X.X.X.X.X.X.X.X.X.X
.................................
X.X.X.X.X.X.X.X.X.X.X.X.X.X.X.X.X
X.X.X.X.X.X.X.X.X.X.X.X.X.X.X.X.X
.................................
X.X.X.X.X.X.X.X.X.X.X.X.X.X.X.X.X
X.X.X.X.X.X.X.X.X.X.X.X.X.X.X.X.X
.................................
X.X.X.X.X.X.X.X.X.X.X.X.X.X.X.X.X
X.X.X.X.X.X.X.X.X.X.X.X.X.X.X.X.X
.................................
X.X.X.X.X.X.X.X.X.X.X.X.X.X.X.X.X
X.X.X.X.X.X.X.X.X.X.X.X.X.X.X.X.X
.................................
X.X.X.X.X.X.X.X.X.X.X.X.X.X.X.X.X
X.X.X.X.X.X.X.X.X.X.X.X.X.X.X.X.X
.................................
X.X.X.X.X.X.X.X.X.X.X.X.X.X.X.X.X
X.X.X.X.X.X.X.X.X.X.X.X.X.X.X.X.X
.................................
X.X.X.X.X.X.X.X.X.X.X.X.X.X.X.X.X
X.X.X.X.X.X.X.X.X.X.X.X.X.X.X.X.X
.................................
X.X.X.X.X.X.X.X.X.X.X.X.X.X.X.X.X
X.X.X.X.X.X.X.X.X.X.X.X.X.X.X.X.X
.................................
X.X.X.X.X.X.X.X.X.X.X.X.X.X.X.X.X
X.X.X.X.X.X.X.X.X.X.X.X.X.X.X.X.X
.................................
X.X.X.X.X.X.X.X.X.X.X.X.X.X.X.X.X
X.X.X.X.X.X.X.X.X.X.X.X.X.X.X.X.X
.................................
X.X.X.X.X.X.X.X.X.X.X.X.X.X.X.X.X
X.X.X.X.X.X.X.X.X.X.X.X.X.X.X.X.X
.................................
X.X.X.X.X.X.X.X.X.X.X.X.X.X.X.X.X
X.X.X.X.X.X.X.X.X.X.X.X.X.X.X.X.X
.................................
X.X.X.X.X.X.X.X.X.X.X.X.X.X.X.X.X
X.X.X.X.X.X.X.X.X.X.X.X.X.X.X.X.X
.................................
X.X.X.X.X.X.X.X.X.X.X.X.X.X.X.X.X
X.X.X.X.X.X.X.X.X.X.X.X.X.X.X.X.X
.................................
X.X.X.X.X.X.X.X.X.X.X.X.X.X.X.X.X
X.X.X.X.X.X.X.X.X.X.X.X.X.X.X.X.X
.................................
X.X.X.X.X.X.X.X.X.X.X.X.X.X.X.X.X
X.X.X.X.X.X.X.X.X.X.X.X.X.X.X.X.X
.................................
X.X.X.X.X.X.X.X.X.X.X.X.X.X.X.X.X
X.X.X.X.X.X.X.X.X.X.X.X.X.X.X.X.X
.................................
X.X.X.X.X.X.X.X.X.X.X.X.X.X.X.X.X
X.X.X.X.X.X.X.X.X.X.X.X.X.X.X.X.X
.................................
X.X.X.X.X.X.X.X.X.X.X.X.X.X.X.X.X
X.X.X.X.X.X.X.X.X.X.X.X.X.X.X.X.X
.................................
XX.XX.XX.XX.XX.XX.XX.XX.XX.XX.XX.
X.X.X.X.X..X.X.X.X.X.X.X.X.X.X.X.X.X.X.X.X.X.X.X.X.X.X.X.X
..........................................................
X.X.X.X.X..X.X.X.X.X.X.X.X.X.X.X.X.X.X.X.X.X.X.X.X.X.X.X.X
..........................................................
X.X.X.X.X..X.X.X.X.X.X.X.X.X.X.X.X.X.X.X.X.X.X.X.X.X.X.X.X
..........................................................
X.X.X.X.X..X.X.X.X.X.X.X.X.X.X.X.X.X.X.X.X.X.X.X.X.X.X.X.X
..........................................................
...........X.X.X.X.X.X.X.X.X.X.X.X.X.X.X.X.X.X.X.X.X.X.X.X
X.X.X.X..X................................................
..........................................................
X.X.X.X..X.X.X.X.X.X.X.X.X.X.X.X.X.X.X.X.X.X.X.X.X.X.X.X.X
..........................................................
X.X.X.X..X.X.X.X.X.X.X.X.X.X.X.X.X.X.X.X.X.X.X.X.X.X.X.X.X
..........................................................
X.X.X.X..X.X.X.X.X.X.X.X.X.X.X.X.X.X.X.X.X.X.X.X.X.X.X.X.X
..........................................................
X.X.X.X..X.X.X.X.X.X.X.X.X.X.X.X.X.X.X.X.X.X.X.X.X.X.X.X.X
..........................................................
X.X.X.X..X.X.X.X.X.X.X.X.X.X.X.X.X.X.X.X.X.X.X.X.X.X.X.X.X
..........................................................
X.X.X.X..X.X.X.X.X.X.X.X.X.X.X.X.X.X.X.X.X.X.X.X.X.X.X.X.X
..........................................................
X.X.X.X..X.X.X.X.X.X.X.X.X.X.X.X.X.X.X.X.X.X.X.X.X.X.X.X.X
..........................................................
X.X.X.X..X.X.X.X.X.X.X.X.X.X.X.X.X.X.X.X.X.X.X.X.X.X.X.X.X
..........................................................
X.X.X.X..X.X.X.X.X.X.X.X.X.X.X.X.X.X.X.X.X.X.X.X.X.X.X.X.X
..........................................................
X.X.X.X..X.X.X.X.X.X.X.X.X.X.X.X.X.X.X.X.X.X.X.X.X.X.X.X.X
..........................................................
X.X.X.X..X.X.X.X.X.X.X.X.X.X.X.X.X.X.X.X.X.X.X.X.X.X.X.X.X
..........................................................
X.X.X.X..X.X.X.X.X.X.X.X.X.X.X.X.X.X.X.X.X.X.X.X.X.X.X.X.X
..........................................................
X.X.X.X..X.X.X.X.X.X.X.X.X.X.X.X.X.X.X.X.X.X.X.X.X.X.X.X.X
..........................................................
X.X.X.X..X.X.X.X.X.X.X.X.X.X.X.X.X.X.X.X.X.X.X.X.X.X.X.X.X
..........................................................
X.X.X.X..X.X.X.X.X.X.X.X.X.X.X.X.X.X.X.X.X.X.X.X.X.X.X.X.X
..........................................................
X.X.X.X..X.X.X.X.X.X.X.X.X.X.X.X.X.X.X.X.X.X.X.X.X.X.X.X.X
..........................................................
X.X.X.X..X.X.X.X.X.X.X.X.X.X.X.X.X.X.X.X.X.X.X.X.X.X.X.X.X
..........................................................
X.X.X.X..X.X.X.X.X.X.X.X.X.X.X.X.X.X.X.X.X.X.X.X.X.X.X.X.X
..........................................................
X.X.X.X..X.X.X.X.X.X.X.X.X.X.X.X.X.X.X.X.X.X.X.X.X.X.X.X.X
..........................................................
X.X.X.X..X.X.X.X.X.X.X.X.X.X.X.X.X.X.X.X.X.X.X.X.X.X.X.X.X
..........................................................
X.X.X.X..X.X.X.X.X.X.X.X.X.X.X.X.X.X.X.X.X.X.X.X.X.X.X.X.X
..........................................................
X.X.X.X..X.X.X.X.X.X.X.X.X.X.X.X.X.X.X.X.X.X.X.X.X.X.X.X.X
..........................................................
X.X.X.X..X.X.X.X.X.X.X.X.X.X.X.X.X.X.X.X.X.X.X.X.X.X.X.X.X
..........................................................
X.X.X.X..X.X.X.X.X.X.X.X.X.X.X.X.X.X.X.X.X.X.X.X.X.X.X.X.X
..........................................................
X.X.X.X..X.X.X.X.X.X.X.X.X.X.X.X.X.X.X.X.X.X.X.X.X.X.X.X.X
..........................................................
X.X.X.X..X.X.X.X.X.X.X.X.X.X.X.X.X.X.X.X.X.X.X.X.X.X.X.X.X
..........................................................
X.X.X.X..X.X.X.X.X.X.X.X.X.X.X.X.X.X.X.X.X.X.X.X.X.X.X.X.X
..........................................................
X.X.X.X..X.X.X.X.X.X.X.X.X.X.X.X.X.X.X.X.X.X.X.X.X.X.X.X.X
..........................................................
X.X.X.X..X.X.X.X.X.X.X.X.X.X.X.X.X.X.X.X.X.X.X.X.X.X.X.X.X
..........................................................
X.X.X.X..X.X.X.X.X.X.X.X.X.X.X.X.X.X.X.X.X.X.X.X.X.X.X.X.X
X.X.X.X.X.X.X.X.X.X.X.X.X.X.X.X.X.X.X.X.X.X.X.X.X.X.X.X.X.X.X.X.X.X.X.X.X
X.X.X.X.X.X.X.X.X.X.X.X.X.X.X.X.X.X.X.X.X.X.X.X.X.X.X.X.X.X.X.X.X.X.X.X.X
X.X.X.X.X.X.X.X.X.X.X.X.X.X.X.X.X.X.X.X.X.X.X.X.X.X.X.X.X.X.X.X.X.X.X.X.X
X.X.X.X.X.X.X.X.X.X.X.X.X.X.X.X.X.X.X.X.X.X.X.X.X.X.X.X.X.X.X.X.X.X.X.X.X
.........................................................................
X.X.X.X.X.X.X.X.X.X.X.X.X.X.X.X.X.X.X.X.X.X.X.X.X.X.X.X.X.X.X.X.X.X.X.X.X
X.X.X.X.X.X.X.X.X.X.X.X.X.X.X.X.X.X.X.X.X.X.X.X.X.X.X.X.X.X.X.X.X.X.X.X.X
X.X.X.X.X.X.X.X.X.X.X.X.X.X.X.X.X.X.X.X.X.X.X.X.X.X.X.X.X.X.X.X.X.X.X.X.X
X.X.X.X.X.X.X.X.X.X.X.X.X.X.X.X.X.X.X.X.X.X.X.X.X.X.X.X.X.X.X.X.X.X.X.X.X
.........................................................................
X.X.X.X.X.X.X.X.X.X.X.X.X.X.X.X.X.X.X.X.X.X.X.X.X.X.X.X.X.X.X.X.X.X.X.X.X
X.X.X.X.X.X.X.X.X.X.X.X.X.X.X.X.X.X.X.X.X.X.X.X.X.X.X.X.X.X.X.X.X.X.X.X.X
X.X.X.X.X.X.X.X.X.X.X.X.X.X.X.X.X.X.X.X.X.X.X.X.X.X.X.X.X.X.X.X.X.X.X.X.X
X.X.X.X.X.X.X.X.X.X.X.X.X.X.X.X.X.X.X.X.X.X.X.X.X.X.X.X.X.X.X.X.X.X.X.X.X
.........................................................................
X.X.X.X.X.X.X.X.X.X.X.X.X.X.X.X.X.X.X.X.X.X.X.X.X.X.X.X.X.X.X.X.X.X.X.X.X
X.X.X.X.X.X.X.X.X.X.X.X.X.X.X.X.X.X.X.X.X.X.X.X.X.X.X.X.X.X.X.X.X.X.X.X.X
X.X.X.X.X.X.X.X.X.X.X.X.X.X.X.X.X.X.X.X.X.X.X.X.X.X.X.X.X.X.X.X.X.X.X.X.X
X.X.X.X.X.X.X.X.X.X.X.X.X.X.X.X.X.X.X.X.X.X.X.X.X.X.X.X.X.X.X.X.X.X.X.X.X
.........................................................................
XXXX.XXXX.XXXX.XXXX.XXXX.XXXX.XXXX.XXXX.XXXX.XXXX.XXXX.XXXX.XXXX.XXXX....
.........................................................................
XXXX.XXXX.XXXX.XXXX.XXXX.XXXX.XXXX.XXXX.XXXX.XXXX.XXXX.XXXX.XXXX.XXXX....
{
            :x => 74,
            :y => 24,
            :c => 177,
    :szerokosc => 5
}
