1 2 3 4 5 6 7 8 9 10 11 12 13 14 15 16 17
1 2 3 4 5 6 7 8 9 10 11 12 13 14 15 16 17
1 2 3 4 5 6 7 8 9 10 11 12 13 14 15 16 17
18 19 20 21 22 23 24 25 26 27 28 29 30 31 32 33 34
18 19 20 21 22 23 24 25 26 27 28 29 30 31 32 33 34
18 19 20 21 22 23 24 25 26 27 28 29 30 31 32 33 34
35 36 37 38 39 40 41 42 43 44 45 46 47 48 49 50 51
35 36 37 38 39 40 41 42 43 44 45 46 47 48 49 50 51
35 36 37 38 39 40 41 42 43 44 45 46 47 48 49 50 51
52 53 54 55 56 57 58 59 60 61 62 63 64 65 66 67 68
52 53 54 55 56 57 58 59 60 61 62 63 64 65 66 67 68
52 53 54 55 56 57 58 59 60 61 62 63 64 65 66 67 68
69 70 71 72 73 74 75 76 77 78 79 80 81 82 83 84 85
69 70 71 72 73 74 75 76 77 78 79 80 81 82 83 84 85
69 70 71 72 73 74 75 76 77 78 79 80 81 82 83 84 85
86 86 86 87 87 87 88 88 88 89 89 89 90 90 90 0 0
1 2 3 4 5 6 7
1 2 3 4 5 6 7
1 2 3 4 5 6 7
8 8 8 9 9 9 0
1 2 3 4 5 6 7 8 9 10 11 12 13
1 2 3 4 5 6 7 8 9 10 11 12 13
1 2 3 4 5 6 7 8 9 10 11 12 13
14 15 16 17 18 19 20 21 22 23 24 25 26
14 15 16 17 18 19 20 21 22 23 24 25 26
14 15 16 17 18 19 20 21 22 23 24 25 26
1 2 3 4 5 6
1 2 3 4 5 6
1 2 3 4 5 6
7 8 9 10 11 12
7 8 9 10 11 12
7 8 9 10 11 12
13 14 15 16 17 18
13 14 15 16 17 18
13 14 15 16 17 18
19 20 21 22 23 24
19 20 21 22 23 24
19 20 21 22 23 24
25 26 27 28 29 30
25 26 27 28 29 30
25 26 27 28 29 30
31 32 33 34 35 36
31 32 33 34 35 36
31 32 33 34 35 36
1 2 3 4 5 6 7 8 9 10 11 12 13 14 15 16
1 2 3 4 5 6 7 8 9 10 11 12 13 14 15 16
1 2 3 4 5 6 7 8 9 10 11 12 13 14 15 16
17 18 19 20 21 22 23 24 25 26 27 28 29 30 31 32
17 18 19 20 21 22 23 24 25 26 27 28 29 30 31 32
17 18 19 20 21 22 23 24 25 26 27 28 29 30 31 32
33 33 33 34 34 34 35 35 35 36 36 36 37 37 37 0
38 38 38 39 39 39 40 40 40 41 41 41 42 42 42 0
1 2 3 4 5
1 2 3 4 5
1 2 3 4 5
6 7 8 9 10
6 7 8 9 10
6 7 8 9 10
11 12 13 14 15
11 12 13 14 15
11 12 13 14 15
16 17 18 19 20
16 17 18 19 20
16 17 18 19 20
21 22 23 24 25
21 22 23 24 25
21 22 23 24 25
26 26 26 0 0
1 2 3 4 5 6 7 8 9 10 11 12 13 14 15 16 17
1 2 3 4 5 6 7 8 9 10 11 12 13 14 15 16 17
1 2 3 4 5 6 7 8 9 10 11 12 13 14 15 16 17
18 19 20 21 22 23 24 25 26 27 28 29 30 31 32 33 34
18 19 20 21 22 23 24 25 26 27 28 29 30 31 32 33 34
18 19 20 21 22 23 24 25 26 27 28 29 30 31 32 33 34
35 36 37 38 39 40 41 42 43 44 45 46 47 48 49 50 51
35 36 37 38 39 40 41 42 43 44 45 46 47 48 49 50 51
35 36 37 38 39 40 41 42 43 44 45 46 47 48 49 50 51
52 53 54 55 56 57 58 59 60 61 62 63 64 65 66 67 68
52 53 54 55 56 57 58 59 60 61 62 63 64 65 66 67 68
52 53 54 55 56 57 58 59 60 61 62 63 64 65 66 67 68
69 70 71 72 73 74 75 76 77 78 79 80 81 82 83 84 85
69 70 71 72 73 74 75 76 77 78 79 80 81 82 83 84 85
69 70 71 72 73 74 75 76 77 78 79 80 81 82 83 84 85
1 2 3 4 5 6 7 8 9 10 11
1 2 3 4 5 6 7 8 9 10 11
1 2 3 4 5 6 7 8 9 10 11
12 13 14 15 16 17 18 19 20 21 22
12 13 14 15 16 17 18 19 20 21 22
12 13 14 15 16 17 18 19 20 21 22
23 24 25 26 27 28 29 30 31 32 33
23 24 25 26 27 28 29 30 31 32 33
23 24 25 26 27 28 29 30 31 32 33
34 35 36 37 38 39 40 41 42 43 44
34 35 36 37 38 39 40 41 42 43 44
34 35 36 37 38 39 40 41 42 43 44
45 46 47 48 49 50 51 52 53 54 55
45 46 47 48 49 50 51 52 53 54 55
45 46 47 48 49 50 51 52 53 54 55
56 56 56 57 57 57 58 58 58 0 0
1 2 3 4
1 2 3 4
1 2 3 4
5 6 7 8
5 6 7 8
5 6 7 8
9 10 11 12
9 10 11 12
9 10 11 12
13 14 15 16
13 14 15 16
13 14 15 16
17 17 17 0
18 18 18 0
1 2 3 4 5 6 7 8 9 10 11 12 13 14 15 16 17
1 2 3 4 5 6 7 8 9 10 11 12 13 14 15 16 17
1 2 3 4 5 6 7 8 9 10 11 12 13 14 15 16 17
18 19 20 21 22 23 24 25 26 27 28 29 30 31 32 33 34
18 19 20 21 22 23 24 25 26 27 28 29 30 31 32 33 34
18 19 20 21 22 23 24 25 26 27 28 29 30 31 32 33 34
35 36 37 38 39 40 41 42 43 44 45 46 47 48 49 50 51
35 36 37 38 39 40 41 42 43 44 45 46 47 48 49 50 51
35 36 37 38 39 40 41 42 43 44 45 46 47 48 49 50 51
52 53 54 55 56 57 58 59 60 61 62 63 64 65 66 67 68
52 53 54 55 56 57 58 59 60 61 62 63 64 65 66 67 68
52 53 54 55 56 57 58 59 60 61 62 63 64 65 66 67 68
69 70 71 72 73 74 75 76 77 78 79 80 81 82 83 84 85
69 70 71 72 73 74 75 76 77 78 79 80 81 82 83 84 85
69 70 71 72 73 74 75 76 77 78 79 80 81 82 83 84 85
86 87 88 89 90 91 92 93 94 95 96 97 98 99 100 101 102
86 87 88 89 90 91 92 93 94 95 96 97 98 99 100 101 102
86 87 88 89 90 91 92 93 94 95 96 97 98 99 100 101 102
