1 2 3 4 5 6 7 8 9
1 2 3 4 5 6 7 8 9
1 2 3 4 5 6 7 8 9
10 11 12 13 14 15 16 17 18
10 11 12 13 14 15 16 17 18
10 11 12 13 14 15 16 17 18
19 20 21 22 23 24 25 26 27
19 20 21 22 23 24 25 26 27
19 20 21 22 23 24 25 26 27
28 29 30 31 32 33 34 35 36
28 29 30 31 32 33 34 35 36
28 29 30 31 32 33 34 35 36
1 2 3 4 5 6 7 8 9 10 11 12 13 14
1 2 3 4 5 6 7 8 9 10 11 12 13 14
1 2 3 4 5 6 7 8 9 10 11 12 13 14
15 16 17 18 19 20 21 22 23 24 25 26 27 28
15 16 17 18 19 20 21 22 23 24 25 26 27 28
15 16 17 18 19 20 21 22 23 24 25 26 27 28
29 30 31 32 33 34 35 36 37 38 39 40 41 42
29 30 31 32 33 34 35 36 37 38 39 40 41 42
29 30 31 32 33 34 35 36 37 38 39 40 41 42
43 44 45 46 47 48 49 50 51 52 53 54 55 56
43 44 45 46 47 48 49 50 51 52 53 54 55 56
43 44 45 46 47 48 49 50 51 52 53 54 55 56
1 2 3 4 5
1 2 3 4 5
1 2 3 4 5
6 7 8 9 10
6 7 8 9 10
6 7 8 9 10
11 12 13 14 15
11 12 13 14 15
11 12 13 14 15
16 17 18 19 20
16 17 18 19 20
16 17 18 19 20
21 21 21 0 0
1 2 3 4 5 6 7 8 9 10 11
1 2 3 4 5 6 7 8 9 10 11
1 2 3 4 5 6 7 8 9 10 11
12 13 14 15 16 17 18 19 20 21 22
12 13 14 15 16 17 18 19 20 21 22
12 13 14 15 16 17 18 19 20 21 22
23 23 23 24 24 24 25 25 25 0 0
1 2 3 4
1 2 3 4
1 2 3 4
5 6 7 8
5 6 7 8
5 6 7 8
9 10 11 12
9 10 11 12
9 10 11 12
13 14 15 16
13 14 15 16
13 14 15 16
17 18 19 20
17 18 19 20
17 18 19 20
1 2 3 4 5 6 7 8 9 10
1 2 3 4 5 6 7 8 9 10
1 2 3 4 5 6 7 8 9 10
11 12 13 14 15 16 17 18 19 20
11 12 13 14 15 16 17 18 19 20
11 12 13 14 15 16 17 18 19 20
21 21 21 22 22 22 23 23 23 0
24 24 24 25 25 25 26 26 26 0
1 2 3 4 5 6 7 8 9 10 11
1 2 3 4 5 6 7 8 9 10 11
1 2 3 4 5 6 7 8 9 10 11
12 13 14 15 16 17 18 19 20 21 22
12 13 14 15 16 17 18 19 20 21 22
12 13 14 15 16 17 18 19 20 21 22
23 24 25 26 27 28 29 30 31 32 33
23 24 25 26 27 28 29 30 31 32 33
23 24 25 26 27 28 29 30 31 32 33
34 34 34 35 35 35 36 36 36 0 0
1 2 3 4 5 6 7 8 9 10
1 2 3 4 5 6 7 8 9 10
1 2 3 4 5 6 7 8 9 10
11 12 13 14 15 16 17 18 19 20
11 12 13 14 15 16 17 18 19 20
11 12 13 14 15 16 17 18 19 20
21 22 23 24 25 26 27 28 29 30
21 22 23 24 25 26 27 28 29 30
21 22 23 24 25 26 27 28 29 30
31 32 33 34 35 36 37 38 39 40
31 32 33 34 35 36 37 38 39 40
31 32 33 34 35 36 37 38 39 40
1 2 3 4 5 6 7 8 9 10 11 12 13
1 2 3 4 5 6 7 8 9 10 11 12 13
1 2 3 4 5 6 7 8 9 10 11 12 13
14 15 16 17 18 19 20 21 22 23 24 25 26
14 15 16 17 18 19 20 21 22 23 24 25 26
14 15 16 17 18 19 20 21 22 23 24 25 26
27 28 29 30 31 32 33 34 35 36 37 38 39
27 28 29 30 31 32 33 34 35 36 37 38 39
27 28 29 30 31 32 33 34 35 36 37 38 39
40 41 42 43 44 45 46 47 48 49 50 51 52
40 41 42 43 44 45 46 47 48 49 50 51 52
40 41 42 43 44 45 46 47 48 49 50 51 52
53 53 53 54 54 54 55 55 55 56 56 56 0
1 2 3 4 5 6
1 2 3 4 5 6
1 2 3 4 5 6
7 8 9 10 11 12
7 8 9 10 11 12
7 8 9 10 11 12
13 14 15 16 17 18
13 14 15 16 17 18
13 14 15 16 17 18
19 20 21 22 23 24
19 20 21 22 23 24
19 20 21 22 23 24
25 26 27 28 29 30
25 26 27 28 29 30
25 26 27 28 29 30
31 32 33 34 35 36
31 32 33 34 35 36
31 32 33 34 35 36
